[3.138s] Invoking command in '/home/Ashish/ros2_ws/src/ackermann_control': PYTHONPATH=/home/Ashish/ros2_ws/build/ackermann_control/prefix_override:/usr/lib/python3/dist-packages/colcon_core/task/python/colcon_distutils_commands:/home/Ashish/ros2_ws/install/ackermann_control/lib/python3.10/site-packages:${PYTHONPATH} /usr/bin/python3 -W ignore:setup.py install is deprecated -W ignore:easy_install command is deprecated setup.py egg_info --egg-base ../../build/ackermann_control build --build-base /home/Ashish/ros2_ws/build/ackermann_control/build install --record /home/Ashish/ros2_ws/build/ackermann_control/install.log --single-version-externally-managed install_data
[4.173s] running egg_info
[4.176s] writing ../../build/ackermann_control/ackermann_control.egg-info/PKG-INFO
[4.178s] writing dependency_links to ../../build/ackermann_control/ackermann_control.egg-info/dependency_links.txt
[4.179s] writing entry points to ../../build/ackermann_control/ackermann_control.egg-info/entry_points.txt
[4.180s] writing requirements to ../../build/ackermann_control/ackermann_control.egg-info/requires.txt
[4.181s] writing top-level names to ../../build/ackermann_control/ackermann_control.egg-info/top_level.txt
[4.192s] reading manifest file '../../build/ackermann_control/ackermann_control.egg-info/SOURCES.txt'
[4.198s] writing manifest file '../../build/ackermann_control/ackermann_control.egg-info/SOURCES.txt'
[4.198s] running build
[4.199s] running build_py
[4.202s] running install
[4.204s] running install_lib
[4.212s] running install_data
[4.213s] running install_egg_info
[4.221s] removing '/home/Ashish/ros2_ws/install/ackermann_control/lib/python3.10/site-packages/ackermann_control-0.0.0-py3.10.egg-info' (and everything under it)
[4.223s] Copying ../../build/ackermann_control/ackermann_control.egg-info to /home/Ashish/ros2_ws/install/ackermann_control/lib/python3.10/site-packages/ackermann_control-0.0.0-py3.10.egg-info
[4.230s] running install_scripts
[4.316s] Installing ackermann_motor_controller script to /home/Ashish/ros2_ws/install/ackermann_control/lib/ackermann_control
[4.319s] writing list of installed files to '/home/Ashish/ros2_ws/build/ackermann_control/install.log'
[4.436s] Invoked command in '/home/Ashish/ros2_ws/src/ackermann_control' returned '0': PYTHONPATH=/home/Ashish/ros2_ws/build/ackermann_control/prefix_override:/usr/lib/python3/dist-packages/colcon_core/task/python/colcon_distutils_commands:/home/Ashish/ros2_ws/install/ackermann_control/lib/python3.10/site-packages:${PYTHONPATH} /usr/bin/python3 -W ignore:setup.py install is deprecated -W ignore:easy_install command is deprecated setup.py egg_info --egg-base ../../build/ackermann_control build --build-base /home/Ashish/ros2_ws/build/ackermann_control/build install --record /home/Ashish/ros2_ws/build/ackermann_control/install.log --single-version-externally-managed install_data
