[2.683s] Invoking command in '/home/Ashish/ros2_ws/build/rplidar_ros': CMAKE_PREFIX_PATH=/opt/ros/humble:${CMAKE_PREFIX_PATH} /usr/bin/cmake /home/Ashish/ros2_ws/src/rplidar_ros -DCMAKE_INSTALL_PREFIX=/home/Ashish/ros2_ws/install/rplidar_ros
[3.122s] -- Found ament_cmake: 1.3.11 (/opt/ros/humble/share/ament_cmake/cmake)
[4.472s] -- Override CMake install command with custom implementation using symlinks instead of copying resources
[4.641s] -- Found rclcpp: 16.0.11 (/opt/ros/humble/share/rclcpp/cmake)
[5.122s] -- Found rosidl_generator_c: 3.1.6 (/opt/ros/humble/share/rosidl_generator_c/cmake)
[5.162s] -- Found rosidl_adapter: 3.1.6 (/opt/ros/humble/share/rosidl_adapter/cmake)
[5.252s] -- Found rosidl_generator_cpp: 3.1.6 (/opt/ros/humble/share/rosidl_generator_cpp/cmake)
[5.395s] -- Using all available rosidl_typesupport_c: rosidl_typesupport_fastrtps_c;rosidl_typesupport_introspection_c
[5.575s] -- Using all available rosidl_typesupport_cpp: rosidl_typesupport_fastrtps_cpp;rosidl_typesupport_introspection_cpp
[6.044s] -- Found rmw_implementation_cmake: 6.1.2 (/opt/ros/humble/share/rmw_implementation_cmake/cmake)
[6.068s] -- Found rmw_fastrtps_cpp: 6.2.7 (/opt/ros/humble/share/rmw_fastrtps_cpp/cmake)
[7.454s] -- Using RMW implementation 'rmw_fastrtps_cpp' as default
[8.124s] -- Found sensor_msgs: 4.2.4 (/opt/ros/humble/share/sensor_msgs/cmake)
[8.513s] -- Found std_srvs: 4.2.4 (/opt/ros/humble/share/std_srvs/cmake)
[9.442s] -- Configuring done
[9.812s] -- Generating done
[9.917s] -- Build files have been written to: /home/Ashish/ros2_ws/build/rplidar_ros
[10.126s] Invoked command in '/home/Ashish/ros2_ws/build/rplidar_ros' returned '0': CMAKE_PREFIX_PATH=/opt/ros/humble:${CMAKE_PREFIX_PATH} /usr/bin/cmake /home/Ashish/ros2_ws/src/rplidar_ros -DCMAKE_INSTALL_PREFIX=/home/Ashish/ros2_ws/install/rplidar_ros
[10.141s] Invoking command in '/home/Ashish/ros2_ws/build/rplidar_ros': CMAKE_PREFIX_PATH=/opt/ros/humble:${CMAKE_PREFIX_PATH} /usr/bin/cmake --build /home/Ashish/ros2_ws/build/rplidar_ros -- -j4 -l4
[10.564s] [35m[1mConsolidate compiler generated dependencies of target rplidar_client[0m
[10.612s] [35m[1mConsolidate compiler generated dependencies of target rplidar_node[0m
[10.620s] [35m[1mConsolidate compiler generated dependencies of target rplidar_composition[0m
[10.886s] [  2%] [32mBuilding CXX object CMakeFiles/rplidar_client.dir/src/rplidar_client.cpp.o[0m
[11.063s] [  5%] [32mBuilding CXX object CMakeFiles/rplidar_node.dir/src/rplidar_node.cpp.o[0m
[11.080s] [  7%] [32mBuilding CXX object CMakeFiles/rplidar_node.dir/sdk/src/arch/linux/net_serial.cpp.o[0m
[11.084s] [ 10%] [32mBuilding CXX object CMakeFiles/rplidar_composition.dir/src/rplidar_node.cpp.o[0m
[18.219s] [01m[K/home/Ashish/ros2_ws/src/rplidar_ros/sdk/src/arch/linux/net_serial.cpp:[m[K In member function ‘[01m[Kbool rp::arch::net::raw_serial::open(const char*, uint32_t, uint32_t)[m[K’:
[18.221s] [01m[K/home/Ashish/ros2_ws/src/rplidar_ros/sdk/src/arch/linux/net_serial.cpp:97:74:[m[K [01;35m[Kwarning: [m[Kunused parameter ‘[01m[Kflags[m[K’ [[01;35m[K-Wunused-parameter[m[K]
[18.222s]    97 | bool raw_serial::open(const char * portname, uint32_t baudrate, [01;35m[Kuint32_t flags[m[K)
[18.225s]       |                                                                 [01;35m[K~~~~~~~~~^~~~~[m[K
[18.226s] [01m[K/home/Ashish/ros2_ws/src/rplidar_ros/sdk/src/arch/linux/net_serial.cpp:[m[K In member function ‘[01m[Kvirtual void rp::arch::net::raw_serial::flush(_u32)[m[K’:
[18.228s] [01m[K/home/Ashish/ros2_ws/src/rplidar_ros/sdk/src/arch/linux/net_serial.cpp:281:30:[m[K [01;35m[Kwarning: [m[Kunused parameter ‘[01m[Kflags[m[K’ [[01;35m[K-Wunused-parameter[m[K]
[18.229s]   281 | void raw_serial::flush( [01;35m[K_u32 flags[m[K)
[18.231s]       |                         [01;35m[K~~~~~^~~~~[m[K
[18.232s] [01m[K/home/Ashish/ros2_ws/src/rplidar_ros/sdk/src/arch/linux/net_serial.cpp:[m[K In member function ‘[01m[Kvirtual int rp::arch::net::raw_serial::waitforsent(_u32, size_t*)[m[K’:
[18.233s] [01m[K/home/Ashish/ros2_ws/src/rplidar_ros/sdk/src/arch/linux/net_serial.cpp:286:34:[m[K [01;35m[Kwarning: [m[Kunused parameter ‘[01m[Ktimeout[m[K’ [[01;35m[K-Wunused-parameter[m[K]
[18.234s]   286 | int raw_serial::waitforsent([01;35m[K_u32 timeout[m[K, size_t * returned_size)
[18.236s]       |                             [01;35m[K~~~~~^~~~~~~[m[K
[18.237s] [01m[K/home/Ashish/ros2_ws/src/rplidar_ros/sdk/src/arch/linux/net_serial.cpp:[m[K In member function ‘[01m[Kvirtual int rp::arch::net::raw_serial::waitforrecv(_u32, size_t*)[m[K’:
[18.238s] [01m[K/home/Ashish/ros2_ws/src/rplidar_ros/sdk/src/arch/linux/net_serial.cpp:292:34:[m[K [01;35m[Kwarning: [m[Kunused parameter ‘[01m[Ktimeout[m[K’ [[01;35m[K-Wunused-parameter[m[K]
[18.239s]   292 | int raw_serial::waitforrecv([01;35m[K_u32 timeout[m[K, size_t * returned_size)
[18.241s]       |                             [01;35m[K~~~~~^~~~~~~[m[K
[18.250s] [01m[K/home/Ashish/ros2_ws/src/rplidar_ros/sdk/src/arch/linux/net_serial.cpp:[m[K In member function ‘[01m[Kvirtual void rp::arch::net::raw_serial::cancelOperation()[m[K’:
[18.251s] [01m[K/home/Ashish/ros2_ws/src/rplidar_ros/sdk/src/arch/linux/net_serial.cpp:427:5:[m[K [01;35m[Kwarning: [m[Kvalue computed is not used [[01;35m[K-Wunused-value[m[K]
[18.253s]   427 |     [01;35m[K(int)::write(_selfpipe[1], "x", 1)[m[K;
[18.254s]       |     [01;35m[K^~~~~~~~~~~~~~~~~~~~~~~~~~~~~~~~~~[m[K
[19.710s] [ 13%] [32mBuilding CXX object CMakeFiles/rplidar_node.dir/sdk/src/arch/linux/net_socket.cpp.o[0m
[26.298s] In file included from [01m[K/home/Ashish/ros2_ws/src/rplidar_ros/sdk/include/rplidar_protocol.h:36[m[K,
[26.299s]                  from [01m[K/home/Ashish/ros2_ws/src/rplidar_ros/sdk/include/rplidar.h:39[m[K,
[26.300s]                  from [01m[K/home/Ashish/ros2_ws/src/rplidar_ros/sdk/src/sdkcommon.h:49[m[K,
[26.303s]                  from [01m[K/home/Ashish/ros2_ws/src/rplidar_ros/sdk/src/arch/linux/net_socket.cpp:10[m[K:
[26.304s] [01m[K/home/Ashish/ros2_ws/src/rplidar_ros/sdk/include/sl_lidar_protocol.h:66:16:[m[K [01;35m[Kwarning: [m[KISO C++ forbids zero-size array ‘[01m[Kdata[m[K’ [[01;35m[K-Wpedantic[m[K]
[26.306s]    66 |     sl_u8 data[[01;35m[K0[m[K];
[26.307s]       |                [01;35m[K^[m[K
[26.309s] In file included from [01m[K/home/Ashish/ros2_ws/src/rplidar_ros/sdk/include/rplidar_cmd.h:36[m[K,
[26.310s]                  from [01m[K/home/Ashish/ros2_ws/src/rplidar_ros/sdk/include/rplidar.h:40[m[K,
[26.324s]                  from [01m[K/home/Ashish/ros2_ws/src/rplidar_ros/sdk/src/sdkcommon.h:49[m[K,
[26.328s]                  from [01m[K/home/Ashish/ros2_ws/src/rplidar_ros/sdk/src/arch/linux/net_socket.cpp:10[m[K:
[26.329s] [01m[K/home/Ashish/ros2_ws/src/rplidar_ros/sdk/include/sl_lidar_cmd.h:324:20:[m[K [01;35m[Kwarning: [m[KISO C++ forbids zero-size array ‘[01m[Kpayload[m[K’ [[01;35m[K-Wpedantic[m[K]
[26.330s]   324 |     sl_u8  payload[[01;35m[K0[m[K];
[26.332s]       |                    [01;35m[K^[m[K
[26.993s] In file included from [01m[K/home/Ashish/ros2_ws/src/rplidar_ros/sdk/src/arch/linux/arch_linux.h:42[m[K,
[26.995s]                  from [01m[K/home/Ashish/ros2_ws/src/rplidar_ros/sdk/src/sdkcommon.h:41[m[K,
[26.996s]                  from [01m[K/home/Ashish/ros2_ws/src/rplidar_ros/sdk/src/arch/linux/net_socket.cpp:10[m[K:
[26.998s] [01m[K/home/Ashish/ros2_ws/src/rplidar_ros/sdk/src/arch/linux/net_socket.cpp:[m[K In member function ‘[01m[Kvirtual u_result rp::arch::net::DGramSocketImpl::sendTo(const rp::net::SocketAddress*, const void*, size_t)[m[K’:
[26.999s] [01m[K/home/Ashish/ros2_ws/src/rplidar_ros/sdk/src/arch/linux/net_socket.cpp:733:24:[m[K [01;35m[Kwarning: [m[Kcomparison of integer expressions of different signedness: ‘[01m[Kint[m[K’ and ‘[01m[Ksize_t[m[K’ {aka ‘[01m[Klong unsigned int[m[K’} [[01;35m[K-Wsign-compare[m[K]
[27.001s]   733 |             assert([01;35m[Kans == len[m[K);
[27.002s]       |                    [01;35m[K~~~~^~~~~~[m[K
[28.882s] [ 15%] [32mBuilding CXX object CMakeFiles/rplidar_node.dir/sdk/src/arch/linux/timer.cpp.o[0m
[35.908s] [ 18%] [32mBuilding CXX object CMakeFiles/rplidar_node.dir/sdk/src/dataunpacker/dataunpacker.cpp.o[0m
[42.086s] In file included from [01m[K/home/Ashish/ros2_ws/src/rplidar_ros/sdk/include/sl_lidar_cmd.h:41[m[K,
[42.089s]                  from [01m[K/home/Ashish/ros2_ws/src/rplidar_ros/sdk/include/sl_lidar_driver.h:54[m[K,
[42.091s]                  from [01m[K/home/Ashish/ros2_ws/src/rplidar_ros/sdk/include/sl_lidar.h:36[m[K,
[42.092s]                  from [01m[K/home/Ashish/ros2_ws/src/rplidar_ros/src/rplidar_node.cpp:38[m[K:
[42.093s] [01m[K/home/Ashish/ros2_ws/src/rplidar_ros/sdk/include/sl_lidar_protocol.h:66:16:[m[K [01;35m[Kwarning: [m[KISO C++ forbids zero-size array ‘[01m[Kdata[m[K’ [[01;35m[K-Wpedantic[m[K]
[42.095s]    66 |     sl_u8 data[[01;35m[K0[m[K];
[42.096s]       |                [01;35m[K^[m[K
[42.098s] In file included from [01m[K/home/Ashish/ros2_ws/src/rplidar_ros/sdk/include/sl_lidar_driver.h:54[m[K,
[42.099s]                  from [01m[K/home/Ashish/ros2_ws/src/rplidar_ros/sdk/include/sl_lidar.h:36[m[K,
[42.113s]                  from [01m[K/home/Ashish/ros2_ws/src/rplidar_ros/src/rplidar_node.cpp:38[m[K:
[42.114s] [01m[K/home/Ashish/ros2_ws/src/rplidar_ros/sdk/include/sl_lidar_cmd.h:324:20:[m[K [01;35m[Kwarning: [m[KISO C++ forbids zero-size array ‘[01m[Kpayload[m[K’ [[01;35m[K-Wpedantic[m[K]
[42.116s]   324 |     sl_u8  payload[[01;35m[K0[m[K];
[42.117s]       |                    [01;35m[K^[m[K
[42.455s] In file included from [01m[K/home/Ashish/ros2_ws/src/rplidar_ros/sdk/include/rplidar_protocol.h:36[m[K,
[42.456s]                  from [01m[K/home/Ashish/ros2_ws/src/rplidar_ros/sdk/include/rplidar.h:39[m[K,
[42.458s]                  from [01m[K/home/Ashish/ros2_ws/src/rplidar_ros/sdk/src/sdkcommon.h:49[m[K,
[42.459s]                  from [01m[K/home/Ashish/ros2_ws/src/rplidar_ros/sdk/src/dataunpacker/dataunnpacker_commondef.h:41[m[K,
[42.472s]                  from [01m[K/home/Ashish/ros2_ws/src/rplidar_ros/sdk/src/dataunpacker/dataunpacker.cpp:39[m[K:
[42.473s] [01m[K/home/Ashish/ros2_ws/src/rplidar_ros/sdk/include/sl_lidar_protocol.h:66:16:[m[K [01;35m[Kwarning: [m[KISO C++ forbids zero-size array ‘[01m[Kdata[m[K’ [[01;35m[K-Wpedantic[m[K]
[42.475s]    66 |     sl_u8 data[[01;35m[K0[m[K];
[42.476s]       |                [01;35m[K^[m[K
[42.478s] In file included from [01m[K/home/Ashish/ros2_ws/src/rplidar_ros/sdk/include/rplidar_cmd.h:36[m[K,
[42.479s]                  from [01m[K/home/Ashish/ros2_ws/src/rplidar_ros/sdk/include/rplidar.h:40[m[K,
[42.489s]                  from [01m[K/home/Ashish/ros2_ws/src/rplidar_ros/sdk/src/sdkcommon.h:49[m[K,
[42.490s]                  from [01m[K/home/Ashish/ros2_ws/src/rplidar_ros/sdk/src/dataunpacker/dataunnpacker_commondef.h:41[m[K,
[42.492s]                  from [01m[K/home/Ashish/ros2_ws/src/rplidar_ros/sdk/src/dataunpacker/dataunpacker.cpp:39[m[K:
[42.493s] [01m[K/home/Ashish/ros2_ws/src/rplidar_ros/sdk/include/sl_lidar_cmd.h:324:20:[m[K [01;35m[Kwarning: [m[KISO C++ forbids zero-size array ‘[01m[Kpayload[m[K’ [[01;35m[K-Wpedantic[m[K]
[42.495s]   324 |     sl_u8  payload[[01;35m[K0[m[K];
[42.508s]       |                    [01;35m[K^[m[K
[43.007s] In file included from [01m[K/home/Ashish/ros2_ws/src/rplidar_ros/sdk/include/sl_lidar_cmd.h:41[m[K,
[43.009s]                  from [01m[K/home/Ashish/ros2_ws/src/rplidar_ros/sdk/include/sl_lidar_driver.h:54[m[K,
[43.011s]                  from [01m[K/home/Ashish/ros2_ws/src/rplidar_ros/sdk/include/sl_lidar.h:36[m[K,
[43.013s]                  from [01m[K/home/Ashish/ros2_ws/src/rplidar_ros/src/rplidar_node.cpp:38[m[K:
[43.015s] [01m[K/home/Ashish/ros2_ws/src/rplidar_ros/sdk/include/sl_lidar_protocol.h:66:16:[m[K [01;35m[Kwarning: [m[KISO C++ forbids zero-size array ‘[01m[Kdata[m[K’ [[01;35m[K-Wpedantic[m[K]
[43.017s]    66 |     sl_u8 data[[01;35m[K0[m[K];
[43.018s]       |                [01;35m[K^[m[K
[43.020s] In file included from [01m[K/home/Ashish/ros2_ws/src/rplidar_ros/sdk/include/sl_lidar_driver.h:54[m[K,
[43.021s]                  from [01m[K/home/Ashish/ros2_ws/src/rplidar_ros/sdk/include/sl_lidar.h:36[m[K,
[43.023s]                  from [01m[K/home/Ashish/ros2_ws/src/rplidar_ros/src/rplidar_node.cpp:38[m[K:
[43.036s] [01m[K/home/Ashish/ros2_ws/src/rplidar_ros/sdk/include/sl_lidar_cmd.h:324:20:[m[K [01;35m[Kwarning: [m[KISO C++ forbids zero-size array ‘[01m[Kpayload[m[K’ [[01;35m[K-Wpedantic[m[K]
[43.040s]   324 |     sl_u8  payload[[01;35m[K0[m[K];
[43.042s]       |                    [01;35m[K^[m[K
[44.655s] In file included from [01m[K/home/Ashish/ros2_ws/src/rplidar_ros/sdk/src/dataunpacker/dataunpacker.cpp:40[m[K:
[44.657s] [01m[K/home/Ashish/ros2_ws/src/rplidar_ros/sdk/src/dataunpacker/dataunpacker.h:[m[K In member function ‘[01m[Kvirtual void sl::internal::LIDARSampleDataListener::onCustomSampleDataDecoded(_u8, _u32, const void*, size_t)[m[K’:
[44.660s] [01m[K/home/Ashish/ros2_ws/src/rplidar_ros/sdk/src/dataunpacker/dataunpacker.h:54:52:[m[K [01;35m[Kwarning: [m[Kunused parameter ‘[01m[KansType[m[K’ [[01;35m[K-Wunused-parameter[m[K]
[44.662s]    54 |         virtual void onCustomSampleDataDecoded([01;35m[K_u8 ansType[m[K, _u32 customCode, const void* data, size_t size) {}
[44.665s]       |                                                [01;35m[K~~~~^~~~~~~[m[K
[44.667s] [01m[K/home/Ashish/ros2_ws/src/rplidar_ros/sdk/src/dataunpacker/dataunpacker.h:54:66:[m[K [01;35m[Kwarning: [m[Kunused parameter ‘[01m[KcustomCode[m[K’ [[01;35m[K-Wunused-parameter[m[K]
[44.675s]    54 |         virtual void onCustomSampleDataDecoded(_u8 ansType, [01;35m[K_u32 customCode[m[K, const void* data, size_t size) {}
[44.676s]       |                                                             [01;35m[K~~~~~^~~~~~~~~~[m[K
[44.678s] [01m[K/home/Ashish/ros2_ws/src/rplidar_ros/sdk/src/dataunpacker/dataunpacker.h:54:90:[m[K [01;35m[Kwarning: [m[Kunused parameter ‘[01m[Kdata[m[K’ [[01;35m[K-Wunused-parameter[m[K]
[44.679s]    54 |         virtual void onCustomSampleDataDecoded(_u8 ansType, _u32 customCode, [01;35m[Kconst void* data[m[K, size_t size) {}
[44.680s]       |                                                                              [01;35m[K~~~~~~~~~~~~^~~~[m[K
[44.682s] [01m[K/home/Ashish/ros2_ws/src/rplidar_ros/sdk/src/dataunpacker/dataunpacker.h:54:103:[m[K [01;35m[Kwarning: [m[Kunused parameter ‘[01m[Ksize[m[K’ [[01;35m[K-Wunused-parameter[m[K]
[44.702s]    54 |         virtual void onCustomSampleDataDecoded(_u8 ansType, _u32 customCode, const void* data, [01;35m[Ksize_t size[m[K) {}
[44.703s]       |                                                                                                [01;35m[K~~~~~~~^~~~[m[K
[44.704s] [01m[K/home/Ashish/ros2_ws/src/rplidar_ros/sdk/src/dataunpacker/dataunpacker.h:[m[K In member function ‘[01m[Kvirtual void sl::internal::LIDARSampleDataListener::onDecodingError(int, _u8, const void*, size_t)[m[K’:
[44.706s] [01m[K/home/Ashish/ros2_ws/src/rplidar_ros/sdk/src/dataunpacker/dataunpacker.h:56:42:[m[K [01;35m[Kwarning: [m[Kunused parameter ‘[01m[KerrMsg[m[K’ [[01;35m[K-Wunused-parameter[m[K]
[44.707s]    56 |         virtual void onDecodingError([01;35m[Kint errMsg[m[K, _u8 ansType, const void* payload, size_t size) {}
[44.709s]       |                                      [01;35m[K~~~~^~~~~~[m[K
[44.710s] [01m[K/home/Ashish/ros2_ws/src/rplidar_ros/sdk/src/dataunpacker/dataunpacker.h:56:54:[m[K [01;35m[Kwarning: [m[Kunused parameter ‘[01m[KansType[m[K’ [[01;35m[K-Wunused-parameter[m[K]
[44.724s]    56 |         virtual void onDecodingError(int errMsg, [01;35m[K_u8 ansType[m[K, const void* payload, size_t size) {}
[44.725s]       |                                                  [01;35m[K~~~~^~~~~~~[m[K
[44.727s] [01m[K/home/Ashish/ros2_ws/src/rplidar_ros/sdk/src/dataunpacker/dataunpacker.h:56:75:[m[K [01;35m[Kwarning: [m[Kunused parameter ‘[01m[Kpayload[m[K’ [[01;35m[K-Wunused-parameter[m[K]
[44.728s]    56 |         virtual void onDecodingError(int errMsg, _u8 ansType, [01;35m[Kconst void* payload[m[K, size_t size) {}
[44.730s]       |                                                               [01;35m[K~~~~~~~~~~~~^~~~~~~[m[K
[44.731s] [01m[K/home/Ashish/ros2_ws/src/rplidar_ros/sdk/src/dataunpacker/dataunpacker.h:56:91:[m[K [01;35m[Kwarning: [m[Kunused parameter ‘[01m[Ksize[m[K’ [[01;35m[K-Wunused-parameter[m[K]
[44.732s]    56 |         virtual void onDecodingError(int errMsg, _u8 ansType, const void* payload, [01;35m[Ksize_t size[m[K) {}
[44.734s]       |                                                                                    [01;35m[K~~~~~~~^~~~[m[K
[47.349s] [ 21%] [32mBuilding CXX object CMakeFiles/rplidar_node.dir/sdk/src/dataunpacker/unpacker/handler_capsules.cpp.o[0m
[54.156s] In file included from [01m[K/home/Ashish/ros2_ws/src/rplidar_ros/sdk/include/rplidar_protocol.h:36[m[K,
[54.159s]                  from [01m[K/home/Ashish/ros2_ws/src/rplidar_ros/sdk/include/rplidar.h:39[m[K,
[54.160s]                  from [01m[K/home/Ashish/ros2_ws/src/rplidar_ros/sdk/src/sdkcommon.h:49[m[K,
[54.162s]                  from [01m[K/home/Ashish/ros2_ws/src/rplidar_ros/sdk/src/dataunpacker/unpacker/../dataunnpacker_commondef.h:41[m[K,
[54.163s]                  from [01m[K/home/Ashish/ros2_ws/src/rplidar_ros/sdk/src/dataunpacker/unpacker/handler_capsules.cpp:39[m[K:
[54.165s] [01m[K/home/Ashish/ros2_ws/src/rplidar_ros/sdk/include/sl_lidar_protocol.h:66:16:[m[K [01;35m[Kwarning: [m[KISO C++ forbids zero-size array ‘[01m[Kdata[m[K’ [[01;35m[K-Wpedantic[m[K]
[54.166s]    66 |     sl_u8 data[[01;35m[K0[m[K];
[54.168s]       |                [01;35m[K^[m[K
[54.173s] In file included from [01m[K/home/Ashish/ros2_ws/src/rplidar_ros/sdk/include/rplidar_cmd.h:36[m[K,
[54.174s]                  from [01m[K/home/Ashish/ros2_ws/src/rplidar_ros/sdk/include/rplidar.h:40[m[K,
[54.176s]                  from [01m[K/home/Ashish/ros2_ws/src/rplidar_ros/sdk/src/sdkcommon.h:49[m[K,
[54.178s]                  from [01m[K/home/Ashish/ros2_ws/src/rplidar_ros/sdk/src/dataunpacker/unpacker/../dataunnpacker_commondef.h:41[m[K,
[54.193s]                  from [01m[K/home/Ashish/ros2_ws/src/rplidar_ros/sdk/src/dataunpacker/unpacker/handler_capsules.cpp:39[m[K:
[54.194s] [01m[K/home/Ashish/ros2_ws/src/rplidar_ros/sdk/include/sl_lidar_cmd.h:324:20:[m[K [01;35m[Kwarning: [m[KISO C++ forbids zero-size array ‘[01m[Kpayload[m[K’ [[01;35m[K-Wpedantic[m[K]
[54.196s]   324 |     sl_u8  payload[[01;35m[K0[m[K];
[54.197s]       |                    [01;35m[K^[m[K
[56.781s] In file included from [01m[K/home/Ashish/ros2_ws/src/rplidar_ros/sdk/src/dataunpacker/unpacker/handler_capsules.cpp:40[m[K:
[56.783s] [01m[K/home/Ashish/ros2_ws/src/rplidar_ros/sdk/src/dataunpacker/unpacker/../dataunpacker.h:[m[K In member function ‘[01m[Kvirtual void sl::internal::LIDARSampleDataListener::onCustomSampleDataDecoded(_u8, _u32, const void*, size_t)[m[K’:
[56.785s] [01m[K/home/Ashish/ros2_ws/src/rplidar_ros/sdk/src/dataunpacker/unpacker/../dataunpacker.h:54:52:[m[K [01;35m[Kwarning: [m[Kunused parameter ‘[01m[KansType[m[K’ [[01;35m[K-Wunused-parameter[m[K]
[56.786s]    54 |         virtual void onCustomSampleDataDecoded([01;35m[K_u8 ansType[m[K, _u32 customCode, const void* data, size_t size) {}
[56.787s]       |                                                [01;35m[K~~~~^~~~~~~[m[K
[56.789s] [01m[K/home/Ashish/ros2_ws/src/rplidar_ros/sdk/src/dataunpacker/unpacker/../dataunpacker.h:54:66:[m[K [01;35m[Kwarning: [m[Kunused parameter ‘[01m[KcustomCode[m[K’ [[01;35m[K-Wunused-parameter[m[K]
[56.790s]    54 |         virtual void onCustomSampleDataDecoded(_u8 ansType, [01;35m[K_u32 customCode[m[K, const void* data, size_t size) {}
[56.804s]       |                                                             [01;35m[K~~~~~^~~~~~~~~~[m[K
[56.807s] [01m[K/home/Ashish/ros2_ws/src/rplidar_ros/sdk/src/dataunpacker/unpacker/../dataunpacker.h:54:90:[m[K [01;35m[Kwarning: [m[Kunused parameter ‘[01m[Kdata[m[K’ [[01;35m[K-Wunused-parameter[m[K]
[56.808s]    54 |         virtual void onCustomSampleDataDecoded(_u8 ansType, _u32 customCode, [01;35m[Kconst void* data[m[K, size_t size) {}
[56.809s]       |                                                                              [01;35m[K~~~~~~~~~~~~^~~~[m[K
[56.811s] [01m[K/home/Ashish/ros2_ws/src/rplidar_ros/sdk/src/dataunpacker/unpacker/../dataunpacker.h:54:103:[m[K [01;35m[Kwarning: [m[Kunused parameter ‘[01m[Ksize[m[K’ [[01;35m[K-Wunused-parameter[m[K]
[56.812s]    54 |         virtual void onCustomSampleDataDecoded(_u8 ansType, _u32 customCode, const void* data, [01;35m[Ksize_t size[m[K) {}
[56.813s]       |                                                                                                [01;35m[K~~~~~~~^~~~[m[K
[56.815s] [01m[K/home/Ashish/ros2_ws/src/rplidar_ros/sdk/src/dataunpacker/unpacker/../dataunpacker.h:[m[K In member function ‘[01m[Kvirtual void sl::internal::LIDARSampleDataListener::onDecodingError(int, _u8, const void*, size_t)[m[K’:
[56.828s] [01m[K/home/Ashish/ros2_ws/src/rplidar_ros/sdk/src/dataunpacker/unpacker/../dataunpacker.h:56:42:[m[K [01;35m[Kwarning: [m[Kunused parameter ‘[01m[KerrMsg[m[K’ [[01;35m[K-Wunused-parameter[m[K]
[56.830s]    56 |         virtual void onDecodingError([01;35m[Kint errMsg[m[K, _u8 ansType, const void* payload, size_t size) {}
[56.831s]       |                                      [01;35m[K~~~~^~~~~~[m[K
[56.833s] [01m[K/home/Ashish/ros2_ws/src/rplidar_ros/sdk/src/dataunpacker/unpacker/../dataunpacker.h:56:54:[m[K [01;35m[Kwarning: [m[Kunused parameter ‘[01m[KansType[m[K’ [[01;35m[K-Wunused-parameter[m[K]
[56.834s]    56 |         virtual void onDecodingError(int errMsg, [01;35m[K_u8 ansType[m[K, const void* payload, size_t size) {}
[56.835s]       |                                                  [01;35m[K~~~~^~~~~~~[m[K
[56.837s] [01m[K/home/Ashish/ros2_ws/src/rplidar_ros/sdk/src/dataunpacker/unpacker/../dataunpacker.h:56:75:[m[K [01;35m[Kwarning: [m[Kunused parameter ‘[01m[Kpayload[m[K’ [[01;35m[K-Wunused-parameter[m[K]
[56.838s]    56 |         virtual void onDecodingError(int errMsg, _u8 ansType, [01;35m[Kconst void* payload[m[K, size_t size) {}
[56.839s]       |                                                               [01;35m[K~~~~~~~~~~~~^~~~~~~[m[K
[56.841s] [01m[K/home/Ashish/ros2_ws/src/rplidar_ros/sdk/src/dataunpacker/unpacker/../dataunpacker.h:56:91:[m[K [01;35m[Kwarning: [m[Kunused parameter ‘[01m[Ksize[m[K’ [[01;35m[K-Wunused-parameter[m[K]
[56.842s]    56 |         virtual void onDecodingError(int errMsg, _u8 ansType, const void* payload, [01;35m[Ksize_t size[m[K) {}
[56.843s]       |                                                                                    [01;35m[K~~~~~~~^~~~[m[K
[56.908s] [01m[K/home/Ashish/ros2_ws/src/rplidar_ros/sdk/src/dataunpacker/unpacker/handler_capsules.cpp:[m[K In member function ‘[01m[Kvoid sl::internal::unpacker::UnpackerHandler_DenseCapsuleNode::_onScanNodeDenseCapsuleData(rplidar_response_dense_capsule_measurement_nodes_t&, sl::internal::LIDARSampleDataUnpackerInner*)[m[K’:
[56.909s] [01m[K/home/Ashish/ros2_ws/src/rplidar_ros/sdk/src/dataunpacker/unpacker/handler_capsules.cpp:763:30:[m[K [01;35m[Kwarning: [m[Ktype qualifiers ignored on cast result type [[01;35m[K-Wignored-qualifiers[m[K]
[56.911s]   763 |             const int dist = [01;35m[Kstatic_cast<const int>(_cached_previous_dense_capsuledata.cabins[pos].distance)[m[K;
[56.912s]       |                              [01;35m[K^~~~~~~~~~~~~~~~~~~~~~~~~~~~~~~~~~~~~~~~~~~~~~~~~~~~~~~~~~~~~~~~~~~~~~~~~~~~~~~[m[K
[64.059s] [ 23%] [32mBuilding CXX object CMakeFiles/rplidar_node.dir/sdk/src/dataunpacker/unpacker/handler_hqnode.cpp.o[0m
[158.726s] gmake[2]: *** [CMakeFiles/rplidar_client.dir/build.make:76: CMakeFiles/rplidar_client.dir/src/rplidar_client.cpp.o] Interrupt
[158.733s] gmake[2]: *** [CMakeFiles/rplidar_composition.dir/build.make:76: CMakeFiles/rplidar_composition.dir/src/rplidar_node.cpp.o] Interrupt
[158.735s] gmake[2]: *** [CMakeFiles/rplidar_node.dir/build.make:76: CMakeFiles/rplidar_node.dir/src/rplidar_node.cpp.o] Interrupt
[158.743s] gmake[2]: *** [CMakeFiles/rplidar_node.dir/build.make:160: CMakeFiles/rplidar_node.dir/sdk/src/dataunpacker/unpacker/handler_hqnode.cpp.o] Interrupt
[158.744s] gmake[1]: *** [CMakeFiles/Makefile2:193: CMakeFiles/rplidar_client.dir/all] Interrupt
[158.746s] gmake[1]: *** [CMakeFiles/Makefile2:141: CMakeFiles/rplidar_node.dir/all] Interrupt
[158.747s] gmake[1]: *** [CMakeFiles/Makefile2:167: CMakeFiles/rplidar_composition.dir/all] Interrupt
[158.749s] gmake: *** [Makefile:146: all] Interrupt
[158.751s] Invoked command in '/home/Ashish/ros2_ws/build/rplidar_ros' returned '-2': CMAKE_PREFIX_PATH=/opt/ros/humble:${CMAKE_PREFIX_PATH} /usr/bin/cmake --build /home/Ashish/ros2_ws/build/rplidar_ros -- -j4 -l4
