[1.366s] DEBUG:colcon:Command line arguments: ['/usr/bin/colcon', 'build']
[1.366s] DEBUG:colcon:Parsed command line arguments: Namespace(log_base=None, log_level=None, verb_name='build', build_base='build', install_base='install', merge_install=False, symlink_install=False, test_result_base=None, continue_on_error=False, executor='parallel', parallel_workers=4, event_handlers=None, ignore_user_meta=False, metas=['./colcon.meta'], base_paths=['.'], packages_ignore=None, packages_ignore_regex=None, paths=None, packages_up_to=None, packages_up_to_regex=None, packages_above=None, packages_above_and_dependencies=None, packages_above_depth=None, packages_select_by_dep=None, packages_skip_by_dep=None, packages_skip_up_to=None, packages_select_build_failed=False, packages_skip_build_finished=False, packages_select_test_failures=False, packages_skip_test_passed=False, packages_select=None, packages_skip=None, packages_select_regex=None, packages_skip_regex=None, packages_start=None, packages_end=None, allow_overriding=[], cmake_args=None, cmake_target=None, cmake_target_skip_unavailable=False, cmake_clean_cache=False, cmake_clean_first=False, cmake_force_configure=False, ament_cmake_args=None, catkin_cmake_args=None, catkin_skip_building_tests=False, verb_parser=<colcon_defaults.argument_parser.defaults.DefaultArgumentsDecorator object at 0xffff92120f70>, verb_extension=<colcon_core.verb.build.BuildVerb object at 0xffff92242350>, main=<bound method BuildVerb.main of <colcon_core.verb.build.BuildVerb object at 0xffff92242350>>)
[3.533s] Level 1:colcon.colcon_core.package_discovery:discover_packages(colcon_meta) check parameters
[3.534s] Level 1:colcon.colcon_core.package_discovery:discover_packages(recursive) check parameters
[3.534s] Level 1:colcon.colcon_core.package_discovery:discover_packages(ignore) check parameters
[3.534s] Level 1:colcon.colcon_core.package_discovery:discover_packages(path) check parameters
[3.535s] Level 1:colcon.colcon_core.package_discovery:discover_packages(colcon_meta) discover
[3.535s] Level 1:colcon.colcon_core.package_discovery:discover_packages(recursive) discover
[3.536s] INFO:colcon.colcon_core.package_discovery:Crawling recursively for packages in '/home/Ashish/ros2_ws'
[3.537s] Level 1:colcon.colcon_core.package_identification:_identify(.) by extensions ['ignore', 'ignore_ament_install']
[3.538s] Level 1:colcon.colcon_core.package_identification:_identify(.) by extension 'ignore'
[3.539s] Level 1:colcon.colcon_core.package_identification:_identify(.) by extension 'ignore_ament_install'
[3.539s] Level 1:colcon.colcon_core.package_identification:_identify(.) by extensions ['colcon_pkg']
[3.540s] Level 1:colcon.colcon_core.package_identification:_identify(.) by extension 'colcon_pkg'
[3.540s] Level 1:colcon.colcon_core.package_identification:_identify(.) by extensions ['colcon_meta']
[3.540s] Level 1:colcon.colcon_core.package_identification:_identify(.) by extension 'colcon_meta'
[3.541s] Level 1:colcon.colcon_core.package_identification:_identify(.) by extensions ['ros']
[3.541s] Level 1:colcon.colcon_core.package_identification:_identify(.) by extension 'ros'
[3.657s] Level 1:colcon.colcon_core.package_identification:_identify(.) by extensions ['cmake', 'python']
[3.657s] Level 1:colcon.colcon_core.package_identification:_identify(.) by extension 'cmake'
[3.658s] Level 1:colcon.colcon_core.package_identification:_identify(.) by extension 'python'
[3.658s] Level 1:colcon.colcon_core.package_identification:_identify(.) by extensions ['python_setup_py']
[3.658s] Level 1:colcon.colcon_core.package_identification:_identify(.) by extension 'python_setup_py'
[3.660s] Level 1:colcon.colcon_core.package_identification:_identify(build) by extensions ['ignore', 'ignore_ament_install']
[3.661s] Level 1:colcon.colcon_core.package_identification:_identify(build) by extension 'ignore'
[3.661s] Level 1:colcon.colcon_core.package_identification:_identify(build) ignored
[3.663s] Level 1:colcon.colcon_core.package_identification:_identify(install) by extensions ['ignore', 'ignore_ament_install']
[3.664s] Level 1:colcon.colcon_core.package_identification:_identify(install) by extension 'ignore'
[3.665s] Level 1:colcon.colcon_core.package_identification:_identify(install) ignored
[3.666s] Level 1:colcon.colcon_core.package_identification:_identify(log) by extensions ['ignore', 'ignore_ament_install']
[3.667s] Level 1:colcon.colcon_core.package_identification:_identify(log) by extension 'ignore'
[3.667s] Level 1:colcon.colcon_core.package_identification:_identify(log) ignored
[3.668s] Level 1:colcon.colcon_core.package_identification:_identify(src) by extensions ['ignore', 'ignore_ament_install']
[3.669s] Level 1:colcon.colcon_core.package_identification:_identify(src) by extension 'ignore'
[3.670s] Level 1:colcon.colcon_core.package_identification:_identify(src) by extension 'ignore_ament_install'
[3.670s] Level 1:colcon.colcon_core.package_identification:_identify(src) by extensions ['colcon_pkg']
[3.671s] Level 1:colcon.colcon_core.package_identification:_identify(src) by extension 'colcon_pkg'
[3.671s] Level 1:colcon.colcon_core.package_identification:_identify(src) by extensions ['colcon_meta']
[3.672s] Level 1:colcon.colcon_core.package_identification:_identify(src) by extension 'colcon_meta'
[3.672s] Level 1:colcon.colcon_core.package_identification:_identify(src) by extensions ['ros']
[3.672s] Level 1:colcon.colcon_core.package_identification:_identify(src) by extension 'ros'
[3.673s] Level 1:colcon.colcon_core.package_identification:_identify(src) by extensions ['cmake', 'python']
[3.674s] Level 1:colcon.colcon_core.package_identification:_identify(src) by extension 'cmake'
[3.674s] Level 1:colcon.colcon_core.package_identification:_identify(src) by extension 'python'
[3.675s] Level 1:colcon.colcon_core.package_identification:_identify(src) by extensions ['python_setup_py']
[3.675s] Level 1:colcon.colcon_core.package_identification:_identify(src) by extension 'python_setup_py'
[3.676s] Level 1:colcon.colcon_core.package_identification:_identify(src/ackermann_control) by extensions ['ignore', 'ignore_ament_install']
[3.677s] Level 1:colcon.colcon_core.package_identification:_identify(src/ackermann_control) by extension 'ignore'
[3.678s] Level 1:colcon.colcon_core.package_identification:_identify(src/ackermann_control) by extension 'ignore_ament_install'
[3.678s] Level 1:colcon.colcon_core.package_identification:_identify(src/ackermann_control) by extensions ['colcon_pkg']
[3.679s] Level 1:colcon.colcon_core.package_identification:_identify(src/ackermann_control) by extension 'colcon_pkg'
[3.679s] Level 1:colcon.colcon_core.package_identification:_identify(src/ackermann_control) by extensions ['colcon_meta']
[3.679s] Level 1:colcon.colcon_core.package_identification:_identify(src/ackermann_control) by extension 'colcon_meta'
[3.680s] Level 1:colcon.colcon_core.package_identification:_identify(src/ackermann_control) by extensions ['ros']
[3.680s] Level 1:colcon.colcon_core.package_identification:_identify(src/ackermann_control) by extension 'ros'
[3.706s] DEBUG:colcon.colcon_core.package_identification:Package 'src/ackermann_control' with type 'ros.ament_python' and name 'ackermann_control'
[3.709s] Level 1:colcon.colcon_core.package_identification:_identify(src/rplidar_ros) by extensions ['ignore', 'ignore_ament_install']
[3.710s] Level 1:colcon.colcon_core.package_identification:_identify(src/rplidar_ros) by extension 'ignore'
[3.710s] Level 1:colcon.colcon_core.package_identification:_identify(src/rplidar_ros) by extension 'ignore_ament_install'
[3.711s] Level 1:colcon.colcon_core.package_identification:_identify(src/rplidar_ros) by extensions ['colcon_pkg']
[3.711s] Level 1:colcon.colcon_core.package_identification:_identify(src/rplidar_ros) by extension 'colcon_pkg'
[3.712s] Level 1:colcon.colcon_core.package_identification:_identify(src/rplidar_ros) by extensions ['colcon_meta']
[3.712s] Level 1:colcon.colcon_core.package_identification:_identify(src/rplidar_ros) by extension 'colcon_meta'
[3.713s] Level 1:colcon.colcon_core.package_identification:_identify(src/rplidar_ros) by extensions ['ros']
[3.713s] Level 1:colcon.colcon_core.package_identification:_identify(src/rplidar_ros) by extension 'ros'
[3.720s] DEBUG:colcon.colcon_core.package_identification:Package 'src/rplidar_ros' with type 'ros.ament_cmake' and name 'rplidar_ros'
[3.721s] Level 1:colcon.colcon_core.package_discovery:discover_packages(recursive) using defaults
[3.721s] Level 1:colcon.colcon_core.package_discovery:discover_packages(ignore) discover
[3.721s] Level 1:colcon.colcon_core.package_discovery:discover_packages(ignore) using defaults
[3.722s] Level 1:colcon.colcon_core.package_discovery:discover_packages(path) discover
[3.722s] Level 1:colcon.colcon_core.package_discovery:discover_packages(path) using defaults
[3.985s] Level 1:colcon.colcon_core.package_discovery:discover_packages(prefix_path) check parameters
[3.985s] Level 1:colcon.colcon_core.package_discovery:discover_packages(prefix_path) discover
[4.014s] DEBUG:colcon.colcon_installed_package_information.package_discovery:Found 1 installed packages in /home/Ashish/ros2_ws/install
[4.034s] DEBUG:colcon.colcon_installed_package_information.package_discovery:Found 184 installed packages in /opt/ros/humble
[4.046s] Level 1:colcon.colcon_core.package_discovery:discover_packages(prefix_path) using defaults
[4.445s] Level 5:colcon.colcon_core.verb:set package 'ackermann_control' build argument 'cmake_args' from command line to 'None'
[4.445s] Level 5:colcon.colcon_core.verb:set package 'ackermann_control' build argument 'cmake_target' from command line to 'None'
[4.446s] Level 5:colcon.colcon_core.verb:set package 'ackermann_control' build argument 'cmake_target_skip_unavailable' from command line to 'False'
[4.446s] Level 5:colcon.colcon_core.verb:set package 'ackermann_control' build argument 'cmake_clean_cache' from command line to 'False'
[4.446s] Level 5:colcon.colcon_core.verb:set package 'ackermann_control' build argument 'cmake_clean_first' from command line to 'False'
[4.447s] Level 5:colcon.colcon_core.verb:set package 'ackermann_control' build argument 'cmake_force_configure' from command line to 'False'
[4.447s] Level 5:colcon.colcon_core.verb:set package 'ackermann_control' build argument 'ament_cmake_args' from command line to 'None'
[4.447s] Level 5:colcon.colcon_core.verb:set package 'ackermann_control' build argument 'catkin_cmake_args' from command line to 'None'
[4.448s] Level 5:colcon.colcon_core.verb:set package 'ackermann_control' build argument 'catkin_skip_building_tests' from command line to 'False'
[4.448s] DEBUG:colcon.colcon_core.verb:Building package 'ackermann_control' with the following arguments: {'ament_cmake_args': None, 'build_base': '/home/Ashish/ros2_ws/build/ackermann_control', 'catkin_cmake_args': None, 'catkin_skip_building_tests': False, 'cmake_args': None, 'cmake_clean_cache': False, 'cmake_clean_first': False, 'cmake_force_configure': False, 'cmake_target': None, 'cmake_target_skip_unavailable': False, 'install_base': '/home/Ashish/ros2_ws/install/ackermann_control', 'merge_install': False, 'path': '/home/Ashish/ros2_ws/src/ackermann_control', 'symlink_install': False, 'test_result_base': None}
[4.453s] Level 5:colcon.colcon_core.verb:set package 'rplidar_ros' build argument 'cmake_args' from command line to 'None'
[4.453s] Level 5:colcon.colcon_core.verb:set package 'rplidar_ros' build argument 'cmake_target' from command line to 'None'
[4.453s] Level 5:colcon.colcon_core.verb:set package 'rplidar_ros' build argument 'cmake_target_skip_unavailable' from command line to 'False'
[4.454s] Level 5:colcon.colcon_core.verb:set package 'rplidar_ros' build argument 'cmake_clean_cache' from command line to 'False'
[4.454s] Level 5:colcon.colcon_core.verb:set package 'rplidar_ros' build argument 'cmake_clean_first' from command line to 'False'
[4.454s] Level 5:colcon.colcon_core.verb:set package 'rplidar_ros' build argument 'cmake_force_configure' from command line to 'False'
[4.455s] Level 5:colcon.colcon_core.verb:set package 'rplidar_ros' build argument 'ament_cmake_args' from command line to 'None'
[4.455s] Level 5:colcon.colcon_core.verb:set package 'rplidar_ros' build argument 'catkin_cmake_args' from command line to 'None'
[4.455s] Level 5:colcon.colcon_core.verb:set package 'rplidar_ros' build argument 'catkin_skip_building_tests' from command line to 'False'
[4.456s] DEBUG:colcon.colcon_core.verb:Building package 'rplidar_ros' with the following arguments: {'ament_cmake_args': None, 'build_base': '/home/Ashish/ros2_ws/build/rplidar_ros', 'catkin_cmake_args': None, 'catkin_skip_building_tests': False, 'cmake_args': None, 'cmake_clean_cache': False, 'cmake_clean_first': False, 'cmake_force_configure': False, 'cmake_target': None, 'cmake_target_skip_unavailable': False, 'install_base': '/home/Ashish/ros2_ws/install/rplidar_ros', 'merge_install': False, 'path': '/home/Ashish/ros2_ws/src/rplidar_ros', 'symlink_install': False, 'test_result_base': None}
[4.457s] INFO:colcon.colcon_core.executor:Executing jobs using 'parallel' executor
[4.464s] DEBUG:colcon.colcon_parallel_executor.executor.parallel:run_until_complete
[4.466s] INFO:colcon.colcon_ros.task.ament_python.build:Building ROS package in '/home/Ashish/ros2_ws/src/ackermann_control' with build type 'ament_python'
[4.467s] Level 1:colcon.colcon_core.shell:create_environment_hook('ackermann_control', 'ament_prefix_path')
[4.522s] INFO:colcon.colcon_core.plugin_system:Skipping extension 'colcon_core.shell.bat': Not used on non-Windows systems
[4.525s] INFO:colcon.colcon_core.shell:Creating environment hook '/home/Ashish/ros2_ws/install/ackermann_control/share/ackermann_control/hook/ament_prefix_path.ps1'
[4.533s] INFO:colcon.colcon_core.shell:Creating environment descriptor '/home/Ashish/ros2_ws/install/ackermann_control/share/ackermann_control/hook/ament_prefix_path.dsv'
[4.538s] INFO:colcon.colcon_core.shell:Creating environment hook '/home/Ashish/ros2_ws/install/ackermann_control/share/ackermann_control/hook/ament_prefix_path.sh'
[4.550s] INFO:colcon.colcon_core.shell:Skip shell extension 'powershell' for command environment: Not usable outside of PowerShell
[4.551s] DEBUG:colcon.colcon_core.shell:Skip shell extension 'dsv' for command environment
[4.591s] INFO:colcon.colcon_ros.task.ament_cmake.build:Building ROS package in '/home/Ashish/ros2_ws/src/rplidar_ros' with build type 'ament_cmake'
[4.592s] INFO:colcon.colcon_cmake.task.cmake.build:Building CMake package in '/home/Ashish/ros2_ws/src/rplidar_ros'
[4.594s] INFO:colcon.colcon_core.shell:Skip shell extension 'powershell' for command environment: Not usable outside of PowerShell
[4.595s] DEBUG:colcon.colcon_core.shell:Skip shell extension 'dsv' for command environment
[7.203s] INFO:colcon.colcon_core.task.python.build:Building Python package in '/home/Ashish/ros2_ws/src/ackermann_control'
[7.206s] INFO:colcon.colcon_core.shell:Skip shell extension 'powershell' for command environment: Not usable outside of PowerShell
[7.207s] DEBUG:colcon.colcon_core.shell:Skip shell extension 'dsv' for command environment
[7.276s] DEBUG:colcon.colcon_core.event_handler.log_command:Invoking command in '/home/Ashish/ros2_ws/build/rplidar_ros': CMAKE_PREFIX_PATH=/opt/ros/humble:${CMAKE_PREFIX_PATH} /usr/bin/cmake /home/Ashish/ros2_ws/src/rplidar_ros -DCMAKE_INSTALL_PREFIX=/home/Ashish/ros2_ws/install/rplidar_ros
[11.337s] DEBUG:colcon.colcon_core.event_handler.log_command:Invoking command in '/home/Ashish/ros2_ws/src/ackermann_control': PYTHONPATH=/home/Ashish/ros2_ws/build/ackermann_control/prefix_override:/usr/lib/python3/dist-packages/colcon_core/task/python/colcon_distutils_commands:/home/Ashish/ros2_ws/install/ackermann_control/lib/python3.10/site-packages:${PYTHONPATH} /usr/bin/python3 -W ignore:setup.py install is deprecated -W ignore:easy_install command is deprecated setup.py egg_info --egg-base ../../build/ackermann_control build --build-base /home/Ashish/ros2_ws/build/ackermann_control/build install --record /home/Ashish/ros2_ws/build/ackermann_control/install.log --single-version-externally-managed install_data
[14.470s] DEBUG:colcon.colcon_core.event_handler.log_command:Invoked command in '/home/Ashish/ros2_ws/src/ackermann_control' returned '0': PYTHONPATH=/home/Ashish/ros2_ws/build/ackermann_control/prefix_override:/usr/lib/python3/dist-packages/colcon_core/task/python/colcon_distutils_commands:/home/Ashish/ros2_ws/install/ackermann_control/lib/python3.10/site-packages:${PYTHONPATH} /usr/bin/python3 -W ignore:setup.py install is deprecated -W ignore:easy_install command is deprecated setup.py egg_info --egg-base ../../build/ackermann_control build --build-base /home/Ashish/ros2_ws/build/ackermann_control/build install --record /home/Ashish/ros2_ws/build/ackermann_control/install.log --single-version-externally-managed install_data
[14.625s] Level 1:colcon.colcon_core.environment:checking '/home/Ashish/ros2_ws/install/ackermann_control' for CMake module files
[14.631s] Level 1:colcon.colcon_core.environment:checking '/home/Ashish/ros2_ws/install/ackermann_control' for CMake config files
[14.639s] Level 1:colcon.colcon_core.environment:checking '/home/Ashish/ros2_ws/install/ackermann_control/lib'
[14.641s] Level 1:colcon.colcon_core.environment:checking '/home/Ashish/ros2_ws/install/ackermann_control/bin'
[14.642s] Level 1:colcon.colcon_core.environment:checking '/home/Ashish/ros2_ws/install/ackermann_control/lib/pkgconfig/ackermann_control.pc'
[14.645s] Level 1:colcon.colcon_core.environment:checking '/home/Ashish/ros2_ws/install/ackermann_control/lib/python3.10/site-packages'
[14.645s] Level 1:colcon.colcon_core.shell:create_environment_hook('ackermann_control', 'pythonpath')
[14.647s] INFO:colcon.colcon_core.shell:Creating environment hook '/home/Ashish/ros2_ws/install/ackermann_control/share/ackermann_control/hook/pythonpath.ps1'
[14.651s] INFO:colcon.colcon_core.shell:Creating environment descriptor '/home/Ashish/ros2_ws/install/ackermann_control/share/ackermann_control/hook/pythonpath.dsv'
[14.655s] INFO:colcon.colcon_core.shell:Creating environment hook '/home/Ashish/ros2_ws/install/ackermann_control/share/ackermann_control/hook/pythonpath.sh'
[14.660s] Level 1:colcon.colcon_core.environment:checking '/home/Ashish/ros2_ws/install/ackermann_control/bin'
[14.661s] Level 1:colcon.colcon_core.environment:create_environment_scripts_only(ackermann_control)
[14.664s] INFO:colcon.colcon_core.shell:Creating package script '/home/Ashish/ros2_ws/install/ackermann_control/share/ackermann_control/package.ps1'
[14.673s] INFO:colcon.colcon_core.shell:Creating package descriptor '/home/Ashish/ros2_ws/install/ackermann_control/share/ackermann_control/package.dsv'
[14.679s] INFO:colcon.colcon_core.shell:Creating package script '/home/Ashish/ros2_ws/install/ackermann_control/share/ackermann_control/package.sh'
[14.688s] INFO:colcon.colcon_core.shell:Creating package script '/home/Ashish/ros2_ws/install/ackermann_control/share/ackermann_control/package.bash'
[14.697s] INFO:colcon.colcon_core.shell:Creating package script '/home/Ashish/ros2_ws/install/ackermann_control/share/ackermann_control/package.zsh'
[14.706s] Level 1:colcon.colcon_core.environment:create_file_with_runtime_dependencies(/home/Ashish/ros2_ws/install/ackermann_control/share/colcon-core/packages/ackermann_control)
[14.719s] DEBUG:colcon.colcon_core.event_handler.log_command:Invoked command in '/home/Ashish/ros2_ws/build/rplidar_ros' returned '0': CMAKE_PREFIX_PATH=/opt/ros/humble:${CMAKE_PREFIX_PATH} /usr/bin/cmake /home/Ashish/ros2_ws/src/rplidar_ros -DCMAKE_INSTALL_PREFIX=/home/Ashish/ros2_ws/install/rplidar_ros
[14.739s] DEBUG:colcon.colcon_core.event_handler.log_command:Invoking command in '/home/Ashish/ros2_ws/build/rplidar_ros': CMAKE_PREFIX_PATH=/opt/ros/humble:${CMAKE_PREFIX_PATH} /usr/bin/cmake --build /home/Ashish/ros2_ws/build/rplidar_ros -- -j4 -l4
[163.291s] DEBUG:colcon.colcon_parallel_executor.executor.parallel:run_until_complete was interrupted
[163.300s] DEBUG:colcon.colcon_parallel_executor.executor.parallel:run_until_complete again
[163.331s] Level 1:colcon.colcon_core.environment:create_environment_scripts_only(rplidar_ros)
[163.333s] Level 1:colcon.colcon_core.environment:checking '/home/Ashish/ros2_ws/install/rplidar_ros' for CMake module files
[163.344s] DEBUG:colcon.colcon_core.event_handler.log_command:Invoked command in '/home/Ashish/ros2_ws/build/rplidar_ros' returned '-2': CMAKE_PREFIX_PATH=/opt/ros/humble:${CMAKE_PREFIX_PATH} /usr/bin/cmake --build /home/Ashish/ros2_ws/build/rplidar_ros -- -j4 -l4
[163.359s] Level 1:colcon.colcon_core.environment:checking '/home/Ashish/ros2_ws/install/rplidar_ros' for CMake config files
[163.367s] Level 1:colcon.colcon_core.shell:create_environment_hook('rplidar_ros', 'cmake_prefix_path')
[163.369s] INFO:colcon.colcon_core.shell:Creating environment hook '/home/Ashish/ros2_ws/install/rplidar_ros/share/rplidar_ros/hook/cmake_prefix_path.ps1'
[163.383s] INFO:colcon.colcon_core.shell:Creating environment descriptor '/home/Ashish/ros2_ws/install/rplidar_ros/share/rplidar_ros/hook/cmake_prefix_path.dsv'
[163.396s] INFO:colcon.colcon_core.shell:Creating environment hook '/home/Ashish/ros2_ws/install/rplidar_ros/share/rplidar_ros/hook/cmake_prefix_path.sh'
[163.407s] Level 1:colcon.colcon_core.environment:checking '/home/Ashish/ros2_ws/install/rplidar_ros/lib'
[163.408s] Level 1:colcon.colcon_core.shell:create_environment_hook('rplidar_ros', 'ld_library_path_lib')
[163.410s] INFO:colcon.colcon_core.shell:Creating environment hook '/home/Ashish/ros2_ws/install/rplidar_ros/share/rplidar_ros/hook/ld_library_path_lib.ps1'
[163.415s] INFO:colcon.colcon_core.shell:Creating environment descriptor '/home/Ashish/ros2_ws/install/rplidar_ros/share/rplidar_ros/hook/ld_library_path_lib.dsv'
[163.419s] INFO:colcon.colcon_core.shell:Creating environment hook '/home/Ashish/ros2_ws/install/rplidar_ros/share/rplidar_ros/hook/ld_library_path_lib.sh'
[163.425s] Level 1:colcon.colcon_core.environment:checking '/home/Ashish/ros2_ws/install/rplidar_ros/bin'
[163.426s] Level 1:colcon.colcon_core.environment:checking '/home/Ashish/ros2_ws/install/rplidar_ros/lib/pkgconfig/rplidar_ros.pc'
[163.428s] Level 1:colcon.colcon_core.environment:checking '/home/Ashish/ros2_ws/install/rplidar_ros/lib/python3.10/site-packages'
[163.430s] Level 1:colcon.colcon_core.environment:checking '/home/Ashish/ros2_ws/install/rplidar_ros/bin'
[163.434s] INFO:colcon.colcon_core.shell:Creating package script '/home/Ashish/ros2_ws/install/rplidar_ros/share/rplidar_ros/package.ps1'
[163.441s] INFO:colcon.colcon_core.shell:Creating package descriptor '/home/Ashish/ros2_ws/install/rplidar_ros/share/rplidar_ros/package.dsv'
[163.449s] INFO:colcon.colcon_core.shell:Creating package script '/home/Ashish/ros2_ws/install/rplidar_ros/share/rplidar_ros/package.sh'
[163.456s] INFO:colcon.colcon_core.shell:Creating package script '/home/Ashish/ros2_ws/install/rplidar_ros/share/rplidar_ros/package.bash'
[163.463s] INFO:colcon.colcon_core.shell:Creating package script '/home/Ashish/ros2_ws/install/rplidar_ros/share/rplidar_ros/package.zsh'
[163.471s] Level 1:colcon.colcon_core.environment:create_file_with_runtime_dependencies(/home/Ashish/ros2_ws/install/rplidar_ros/share/colcon-core/packages/rplidar_ros)
[163.484s] DEBUG:colcon.colcon_parallel_executor.executor.parallel:run_until_complete finished
[163.485s] DEBUG:colcon.colcon_parallel_executor.executor.parallel:closing loop
[163.486s] DEBUG:colcon.colcon_parallel_executor.executor.parallel:loop closed
[163.487s] DEBUG:colcon.colcon_core.event_reactor:joining thread
[163.714s] INFO:colcon.colcon_core.plugin_system:Skipping extension 'colcon_notification.desktop_notification.notify_send': Could not find 'notify-send'
[163.715s] INFO:colcon.colcon_core.plugin_system:Skipping extension 'colcon_notification.desktop_notification.terminal_notifier': Not used on non-Darwin systems
[163.716s] INFO:colcon.colcon_core.plugin_system:Skipping extension 'colcon_notification.desktop_notification.win32': Not used on non-Windows systems
[163.716s] INFO:colcon.colcon_notification.desktop_notification:Sending desktop notification using 'notify2'
[164.012s] DEBUG:colcon.colcon_notification.desktop_notification.notify2:Failed to initialize notify2: org.freedesktop.DBus.Error.ServiceUnknown: The name org.freedesktop.Notifications was not provided by any .service files
[164.013s] DEBUG:colcon.colcon_core.event_reactor:joined thread
[164.015s] INFO:colcon.colcon_core.shell:Creating prefix script '/home/Ashish/ros2_ws/install/local_setup.ps1'
[164.027s] INFO:colcon.colcon_core.shell:Creating prefix util module '/home/Ashish/ros2_ws/install/_local_setup_util_ps1.py'
[164.043s] INFO:colcon.colcon_core.shell:Creating prefix chain script '/home/Ashish/ros2_ws/install/setup.ps1'
[164.057s] INFO:colcon.colcon_core.shell:Creating prefix script '/home/Ashish/ros2_ws/install/local_setup.sh'
[164.066s] INFO:colcon.colcon_core.shell:Creating prefix util module '/home/Ashish/ros2_ws/install/_local_setup_util_sh.py'
[164.072s] INFO:colcon.colcon_core.shell:Creating prefix chain script '/home/Ashish/ros2_ws/install/setup.sh'
[164.086s] INFO:colcon.colcon_core.shell:Creating prefix script '/home/Ashish/ros2_ws/install/local_setup.bash'
[164.093s] INFO:colcon.colcon_core.shell:Creating prefix chain script '/home/Ashish/ros2_ws/install/setup.bash'
[164.106s] INFO:colcon.colcon_core.shell:Creating prefix script '/home/Ashish/ros2_ws/install/local_setup.zsh'
[164.112s] INFO:colcon.colcon_core.shell:Creating prefix chain script '/home/Ashish/ros2_ws/install/setup.zsh'
