[1.324s] DEBUG:colcon:Command line arguments: ['/usr/bin/colcon', 'build', '--symlink-install']
[1.324s] DEBUG:colcon:Parsed command line arguments: Namespace(log_base=None, log_level=None, verb_name='build', build_base='build', install_base='install', merge_install=False, symlink_install=True, test_result_base=None, continue_on_error=False, executor='parallel', parallel_workers=4, event_handlers=None, ignore_user_meta=False, metas=['./colcon.meta'], base_paths=['.'], packages_ignore=None, packages_ignore_regex=None, paths=None, packages_up_to=None, packages_up_to_regex=None, packages_above=None, packages_above_and_dependencies=None, packages_above_depth=None, packages_select_by_dep=None, packages_skip_by_dep=None, packages_skip_up_to=None, packages_select_build_failed=False, packages_skip_build_finished=False, packages_select_test_failures=False, packages_skip_test_passed=False, packages_select=None, packages_skip=None, packages_select_regex=None, packages_skip_regex=None, packages_start=None, packages_end=None, allow_overriding=[], cmake_args=None, cmake_target=None, cmake_target_skip_unavailable=False, cmake_clean_cache=False, cmake_clean_first=False, cmake_force_configure=False, ament_cmake_args=None, catkin_cmake_args=None, catkin_skip_building_tests=False, verb_parser=<colcon_defaults.argument_parser.defaults.DefaultArgumentsDecorator object at 0xffff961d0fa0>, verb_extension=<colcon_core.verb.build.BuildVerb object at 0xffff962f2380>, main=<bound method BuildVerb.main of <colcon_core.verb.build.BuildVerb object at 0xffff962f2380>>)
[2.513s] Level 1:colcon.colcon_core.package_discovery:discover_packages(colcon_meta) check parameters
[2.513s] Level 1:colcon.colcon_core.package_discovery:discover_packages(recursive) check parameters
[2.513s] Level 1:colcon.colcon_core.package_discovery:discover_packages(ignore) check parameters
[2.514s] Level 1:colcon.colcon_core.package_discovery:discover_packages(path) check parameters
[2.514s] Level 1:colcon.colcon_core.package_discovery:discover_packages(colcon_meta) discover
[2.514s] Level 1:colcon.colcon_core.package_discovery:discover_packages(recursive) discover
[2.514s] INFO:colcon.colcon_core.package_discovery:Crawling recursively for packages in '/home/Ashish/ros2_ws'
[2.515s] Level 1:colcon.colcon_core.package_identification:_identify(.) by extensions ['ignore', 'ignore_ament_install']
[2.515s] Level 1:colcon.colcon_core.package_identification:_identify(.) by extension 'ignore'
[2.516s] Level 1:colcon.colcon_core.package_identification:_identify(.) by extension 'ignore_ament_install'
[2.516s] Level 1:colcon.colcon_core.package_identification:_identify(.) by extensions ['colcon_pkg']
[2.516s] Level 1:colcon.colcon_core.package_identification:_identify(.) by extension 'colcon_pkg'
[2.516s] Level 1:colcon.colcon_core.package_identification:_identify(.) by extensions ['colcon_meta']
[2.517s] Level 1:colcon.colcon_core.package_identification:_identify(.) by extension 'colcon_meta'
[2.517s] Level 1:colcon.colcon_core.package_identification:_identify(.) by extensions ['ros']
[2.517s] Level 1:colcon.colcon_core.package_identification:_identify(.) by extension 'ros'
[2.595s] Level 1:colcon.colcon_core.package_identification:_identify(.) by extensions ['cmake', 'python']
[2.596s] Level 1:colcon.colcon_core.package_identification:_identify(.) by extension 'cmake'
[2.596s] Level 1:colcon.colcon_core.package_identification:_identify(.) by extension 'python'
[2.596s] Level 1:colcon.colcon_core.package_identification:_identify(.) by extensions ['python_setup_py']
[2.596s] Level 1:colcon.colcon_core.package_identification:_identify(.) by extension 'python_setup_py'
[2.597s] Level 1:colcon.colcon_core.package_identification:_identify(build) by extensions ['ignore', 'ignore_ament_install']
[2.598s] Level 1:colcon.colcon_core.package_identification:_identify(build) by extension 'ignore'
[2.598s] Level 1:colcon.colcon_core.package_identification:_identify(build) ignored
[2.599s] Level 1:colcon.colcon_core.package_identification:_identify(install) by extensions ['ignore', 'ignore_ament_install']
[2.599s] Level 1:colcon.colcon_core.package_identification:_identify(install) by extension 'ignore'
[2.600s] Level 1:colcon.colcon_core.package_identification:_identify(install) ignored
[2.600s] Level 1:colcon.colcon_core.package_identification:_identify(log) by extensions ['ignore', 'ignore_ament_install']
[2.601s] Level 1:colcon.colcon_core.package_identification:_identify(log) by extension 'ignore'
[2.601s] Level 1:colcon.colcon_core.package_identification:_identify(log) ignored
[2.602s] Level 1:colcon.colcon_core.package_identification:_identify(src) by extensions ['ignore', 'ignore_ament_install']
[2.603s] Level 1:colcon.colcon_core.package_identification:_identify(src) by extension 'ignore'
[2.603s] Level 1:colcon.colcon_core.package_identification:_identify(src) by extension 'ignore_ament_install'
[2.603s] Level 1:colcon.colcon_core.package_identification:_identify(src) by extensions ['colcon_pkg']
[2.604s] Level 1:colcon.colcon_core.package_identification:_identify(src) by extension 'colcon_pkg'
[2.604s] Level 1:colcon.colcon_core.package_identification:_identify(src) by extensions ['colcon_meta']
[2.604s] Level 1:colcon.colcon_core.package_identification:_identify(src) by extension 'colcon_meta'
[2.604s] Level 1:colcon.colcon_core.package_identification:_identify(src) by extensions ['ros']
[2.605s] Level 1:colcon.colcon_core.package_identification:_identify(src) by extension 'ros'
[2.605s] Level 1:colcon.colcon_core.package_identification:_identify(src) by extensions ['cmake', 'python']
[2.605s] Level 1:colcon.colcon_core.package_identification:_identify(src) by extension 'cmake'
[2.605s] Level 1:colcon.colcon_core.package_identification:_identify(src) by extension 'python'
[2.606s] Level 1:colcon.colcon_core.package_identification:_identify(src) by extensions ['python_setup_py']
[2.606s] Level 1:colcon.colcon_core.package_identification:_identify(src) by extension 'python_setup_py'
[2.607s] Level 1:colcon.colcon_core.package_identification:_identify(src/rplidar_ros) by extensions ['ignore', 'ignore_ament_install']
[2.608s] Level 1:colcon.colcon_core.package_identification:_identify(src/rplidar_ros) by extension 'ignore'
[2.608s] Level 1:colcon.colcon_core.package_identification:_identify(src/rplidar_ros) by extension 'ignore_ament_install'
[2.609s] Level 1:colcon.colcon_core.package_identification:_identify(src/rplidar_ros) by extensions ['colcon_pkg']
[2.609s] Level 1:colcon.colcon_core.package_identification:_identify(src/rplidar_ros) by extension 'colcon_pkg'
[2.609s] Level 1:colcon.colcon_core.package_identification:_identify(src/rplidar_ros) by extensions ['colcon_meta']
[2.609s] Level 1:colcon.colcon_core.package_identification:_identify(src/rplidar_ros) by extension 'colcon_meta'
[2.609s] Level 1:colcon.colcon_core.package_identification:_identify(src/rplidar_ros) by extensions ['ros']
[2.610s] Level 1:colcon.colcon_core.package_identification:_identify(src/rplidar_ros) by extension 'ros'
[2.624s] DEBUG:colcon.colcon_core.package_identification:Package 'src/rplidar_ros' with type 'ros.ament_cmake' and name 'rplidar_ros'
[2.624s] Level 1:colcon.colcon_core.package_discovery:discover_packages(recursive) using defaults
[2.625s] Level 1:colcon.colcon_core.package_discovery:discover_packages(ignore) discover
[2.625s] Level 1:colcon.colcon_core.package_discovery:discover_packages(ignore) using defaults
[2.625s] Level 1:colcon.colcon_core.package_discovery:discover_packages(path) discover
[2.625s] Level 1:colcon.colcon_core.package_discovery:discover_packages(path) using defaults
[2.781s] Level 1:colcon.colcon_core.package_discovery:discover_packages(prefix_path) check parameters
[2.781s] Level 1:colcon.colcon_core.package_discovery:discover_packages(prefix_path) discover
[2.799s] DEBUG:colcon.colcon_installed_package_information.package_discovery:Found 1 installed packages in /home/Ashish/ros2_ws/install
[2.810s] DEBUG:colcon.colcon_installed_package_information.package_discovery:Found 184 installed packages in /opt/ros/humble
[2.816s] Level 1:colcon.colcon_core.package_discovery:discover_packages(prefix_path) using defaults
[3.079s] Level 5:colcon.colcon_core.verb:set package 'rplidar_ros' build argument 'cmake_args' from command line to 'None'
[3.080s] Level 5:colcon.colcon_core.verb:set package 'rplidar_ros' build argument 'cmake_target' from command line to 'None'
[3.080s] Level 5:colcon.colcon_core.verb:set package 'rplidar_ros' build argument 'cmake_target_skip_unavailable' from command line to 'False'
[3.080s] Level 5:colcon.colcon_core.verb:set package 'rplidar_ros' build argument 'cmake_clean_cache' from command line to 'False'
[3.080s] Level 5:colcon.colcon_core.verb:set package 'rplidar_ros' build argument 'cmake_clean_first' from command line to 'False'
[3.080s] Level 5:colcon.colcon_core.verb:set package 'rplidar_ros' build argument 'cmake_force_configure' from command line to 'False'
[3.080s] Level 5:colcon.colcon_core.verb:set package 'rplidar_ros' build argument 'ament_cmake_args' from command line to 'None'
[3.081s] Level 5:colcon.colcon_core.verb:set package 'rplidar_ros' build argument 'catkin_cmake_args' from command line to 'None'
[3.081s] Level 5:colcon.colcon_core.verb:set package 'rplidar_ros' build argument 'catkin_skip_building_tests' from command line to 'False'
[3.081s] DEBUG:colcon.colcon_core.verb:Building package 'rplidar_ros' with the following arguments: {'ament_cmake_args': None, 'build_base': '/home/Ashish/ros2_ws/build/rplidar_ros', 'catkin_cmake_args': None, 'catkin_skip_building_tests': False, 'cmake_args': None, 'cmake_clean_cache': False, 'cmake_clean_first': False, 'cmake_force_configure': False, 'cmake_target': None, 'cmake_target_skip_unavailable': False, 'install_base': '/home/Ashish/ros2_ws/install/rplidar_ros', 'merge_install': False, 'path': '/home/Ashish/ros2_ws/src/rplidar_ros', 'symlink_install': True, 'test_result_base': None}
[3.082s] INFO:colcon.colcon_core.executor:Executing jobs using 'parallel' executor
[3.086s] DEBUG:colcon.colcon_parallel_executor.executor.parallel:run_until_complete
[3.087s] INFO:colcon.colcon_ros.task.ament_cmake.build:Building ROS package in '/home/Ashish/ros2_ws/src/rplidar_ros' with build type 'ament_cmake'
[3.088s] INFO:colcon.colcon_cmake.task.cmake.build:Building CMake package in '/home/Ashish/ros2_ws/src/rplidar_ros'
[3.109s] INFO:colcon.colcon_core.plugin_system:Skipping extension 'colcon_core.shell.bat': Not used on non-Windows systems
[3.111s] INFO:colcon.colcon_core.shell:Skip shell extension 'powershell' for command environment: Not usable outside of PowerShell
[3.111s] DEBUG:colcon.colcon_core.shell:Skip shell extension 'dsv' for command environment
[3.158s] DEBUG:colcon.colcon_core.event_handler.log_command:Invoking command in '/home/Ashish/ros2_ws/build/rplidar_ros': CMAKE_PREFIX_PATH=/opt/ros/humble:${CMAKE_PREFIX_PATH} /usr/bin/cmake --build /home/Ashish/ros2_ws/build/rplidar_ros -- -j4 -l4
[127.270s] DEBUG:colcon.colcon_core.event_handler.log_command:Invoked command in '/home/Ashish/ros2_ws/build/rplidar_ros' returned '0': CMAKE_PREFIX_PATH=/opt/ros/humble:${CMAKE_PREFIX_PATH} /usr/bin/cmake --build /home/Ashish/ros2_ws/build/rplidar_ros -- -j4 -l4
[127.317s] DEBUG:colcon.colcon_core.event_handler.log_command:Invoking command in '/home/Ashish/ros2_ws/build/rplidar_ros': CMAKE_PREFIX_PATH=/opt/ros/humble:${CMAKE_PREFIX_PATH} /usr/bin/cmake --install /home/Ashish/ros2_ws/build/rplidar_ros
[128.401s] Level 1:colcon.colcon_core.environment:create_environment_scripts_only(rplidar_ros)
[128.403s] DEBUG:colcon.colcon_core.event_handler.log_command:Invoked command in '/home/Ashish/ros2_ws/build/rplidar_ros' returned '0': CMAKE_PREFIX_PATH=/opt/ros/humble:${CMAKE_PREFIX_PATH} /usr/bin/cmake --install /home/Ashish/ros2_ws/build/rplidar_ros
[128.426s] Level 1:colcon.colcon_core.environment:checking '/home/Ashish/ros2_ws/install/rplidar_ros' for CMake module files
[128.470s] Level 1:colcon.colcon_core.environment:checking '/home/Ashish/ros2_ws/install/rplidar_ros' for CMake config files
[128.473s] Level 1:colcon.colcon_core.shell:create_environment_hook('rplidar_ros', 'cmake_prefix_path')
[128.474s] INFO:colcon.colcon_core.shell:Creating environment hook '/home/Ashish/ros2_ws/install/rplidar_ros/share/rplidar_ros/hook/cmake_prefix_path.ps1'
[128.478s] INFO:colcon.colcon_core.shell:Creating environment descriptor '/home/Ashish/ros2_ws/install/rplidar_ros/share/rplidar_ros/hook/cmake_prefix_path.dsv'
[128.482s] INFO:colcon.colcon_core.shell:Creating environment hook '/home/Ashish/ros2_ws/install/rplidar_ros/share/rplidar_ros/hook/cmake_prefix_path.sh'
[128.489s] Level 1:colcon.colcon_core.environment:checking '/home/Ashish/ros2_ws/install/rplidar_ros/lib'
[128.490s] Level 1:colcon.colcon_core.shell:create_environment_hook('rplidar_ros', 'ld_library_path_lib')
[128.491s] INFO:colcon.colcon_core.shell:Creating environment hook '/home/Ashish/ros2_ws/install/rplidar_ros/share/rplidar_ros/hook/ld_library_path_lib.ps1'
[128.494s] INFO:colcon.colcon_core.shell:Creating environment descriptor '/home/Ashish/ros2_ws/install/rplidar_ros/share/rplidar_ros/hook/ld_library_path_lib.dsv'
[128.496s] INFO:colcon.colcon_core.shell:Creating environment hook '/home/Ashish/ros2_ws/install/rplidar_ros/share/rplidar_ros/hook/ld_library_path_lib.sh'
[128.499s] Level 1:colcon.colcon_core.environment:checking '/home/Ashish/ros2_ws/install/rplidar_ros/bin'
[128.499s] Level 1:colcon.colcon_core.environment:checking '/home/Ashish/ros2_ws/install/rplidar_ros/lib/pkgconfig/rplidar_ros.pc'
[128.500s] Level 1:colcon.colcon_core.environment:checking '/home/Ashish/ros2_ws/install/rplidar_ros/lib/python3.10/site-packages'
[128.501s] Level 1:colcon.colcon_core.environment:checking '/home/Ashish/ros2_ws/install/rplidar_ros/bin'
[128.503s] INFO:colcon.colcon_core.shell:Creating package script '/home/Ashish/ros2_ws/install/rplidar_ros/share/rplidar_ros/package.ps1'
[128.508s] INFO:colcon.colcon_core.shell:Creating package descriptor '/home/Ashish/ros2_ws/install/rplidar_ros/share/rplidar_ros/package.dsv'
[128.513s] INFO:colcon.colcon_core.shell:Creating package script '/home/Ashish/ros2_ws/install/rplidar_ros/share/rplidar_ros/package.sh'
[128.517s] INFO:colcon.colcon_core.shell:Creating package script '/home/Ashish/ros2_ws/install/rplidar_ros/share/rplidar_ros/package.bash'
[128.524s] INFO:colcon.colcon_core.shell:Creating package script '/home/Ashish/ros2_ws/install/rplidar_ros/share/rplidar_ros/package.zsh'
[128.533s] Level 1:colcon.colcon_core.environment:create_file_with_runtime_dependencies(/home/Ashish/ros2_ws/install/rplidar_ros/share/colcon-core/packages/rplidar_ros)
[128.536s] Level 1:colcon.colcon_core.environment:create_environment_scripts_only(rplidar_ros)
[128.538s] Level 1:colcon.colcon_core.environment:checking '/home/Ashish/ros2_ws/install/rplidar_ros' for CMake module files
[128.542s] Level 1:colcon.colcon_core.environment:checking '/home/Ashish/ros2_ws/install/rplidar_ros' for CMake config files
[128.544s] Level 1:colcon.colcon_core.shell:create_environment_hook('rplidar_ros', 'cmake_prefix_path')
[128.545s] INFO:colcon.colcon_core.shell:Creating environment hook '/home/Ashish/ros2_ws/install/rplidar_ros/share/rplidar_ros/hook/cmake_prefix_path.ps1'
[128.547s] INFO:colcon.colcon_core.shell:Creating environment descriptor '/home/Ashish/ros2_ws/install/rplidar_ros/share/rplidar_ros/hook/cmake_prefix_path.dsv'
[128.549s] INFO:colcon.colcon_core.shell:Creating environment hook '/home/Ashish/ros2_ws/install/rplidar_ros/share/rplidar_ros/hook/cmake_prefix_path.sh'
[128.552s] Level 1:colcon.colcon_core.environment:checking '/home/Ashish/ros2_ws/install/rplidar_ros/lib'
[128.553s] Level 1:colcon.colcon_core.shell:create_environment_hook('rplidar_ros', 'ld_library_path_lib')
[128.554s] INFO:colcon.colcon_core.shell:Creating environment hook '/home/Ashish/ros2_ws/install/rplidar_ros/share/rplidar_ros/hook/ld_library_path_lib.ps1'
[128.556s] INFO:colcon.colcon_core.shell:Creating environment descriptor '/home/Ashish/ros2_ws/install/rplidar_ros/share/rplidar_ros/hook/ld_library_path_lib.dsv'
[128.558s] INFO:colcon.colcon_core.shell:Creating environment hook '/home/Ashish/ros2_ws/install/rplidar_ros/share/rplidar_ros/hook/ld_library_path_lib.sh'
[128.560s] Level 1:colcon.colcon_core.environment:checking '/home/Ashish/ros2_ws/install/rplidar_ros/bin'
[128.561s] Level 1:colcon.colcon_core.environment:checking '/home/Ashish/ros2_ws/install/rplidar_ros/lib/pkgconfig/rplidar_ros.pc'
[128.562s] Level 1:colcon.colcon_core.environment:checking '/home/Ashish/ros2_ws/install/rplidar_ros/lib/python3.10/site-packages'
[128.562s] Level 1:colcon.colcon_core.environment:checking '/home/Ashish/ros2_ws/install/rplidar_ros/bin'
[128.564s] INFO:colcon.colcon_core.shell:Creating package script '/home/Ashish/ros2_ws/install/rplidar_ros/share/rplidar_ros/package.ps1'
[128.567s] INFO:colcon.colcon_core.shell:Creating package descriptor '/home/Ashish/ros2_ws/install/rplidar_ros/share/rplidar_ros/package.dsv'
[128.569s] INFO:colcon.colcon_core.shell:Creating package script '/home/Ashish/ros2_ws/install/rplidar_ros/share/rplidar_ros/package.sh'
[128.572s] INFO:colcon.colcon_core.shell:Creating package script '/home/Ashish/ros2_ws/install/rplidar_ros/share/rplidar_ros/package.bash'
[128.574s] INFO:colcon.colcon_core.shell:Creating package script '/home/Ashish/ros2_ws/install/rplidar_ros/share/rplidar_ros/package.zsh'
[128.577s] Level 1:colcon.colcon_core.environment:create_file_with_runtime_dependencies(/home/Ashish/ros2_ws/install/rplidar_ros/share/colcon-core/packages/rplidar_ros)
[128.578s] DEBUG:colcon.colcon_parallel_executor.executor.parallel:closing loop
[128.579s] DEBUG:colcon.colcon_parallel_executor.executor.parallel:loop closed
[128.581s] DEBUG:colcon.colcon_parallel_executor.executor.parallel:run_until_complete finished with '0'
[128.582s] DEBUG:colcon.colcon_core.event_reactor:joining thread
[128.881s] INFO:colcon.colcon_core.plugin_system:Skipping extension 'colcon_notification.desktop_notification.notify_send': Could not find 'notify-send'
[128.881s] INFO:colcon.colcon_core.plugin_system:Skipping extension 'colcon_notification.desktop_notification.terminal_notifier': Not used on non-Darwin systems
[128.882s] INFO:colcon.colcon_core.plugin_system:Skipping extension 'colcon_notification.desktop_notification.win32': Not used on non-Windows systems
[128.882s] INFO:colcon.colcon_notification.desktop_notification:Sending desktop notification using 'notify2'
[128.973s] DEBUG:colcon.colcon_notification.desktop_notification.notify2:Failed to initialize notify2: org.freedesktop.DBus.Error.ServiceUnknown: The name org.freedesktop.Notifications was not provided by any .service files
[128.974s] DEBUG:colcon.colcon_core.event_reactor:joined thread
[128.976s] INFO:colcon.colcon_core.shell:Creating prefix script '/home/Ashish/ros2_ws/install/local_setup.ps1'
[128.983s] INFO:colcon.colcon_core.shell:Creating prefix util module '/home/Ashish/ros2_ws/install/_local_setup_util_ps1.py'
[128.995s] INFO:colcon.colcon_core.shell:Creating prefix chain script '/home/Ashish/ros2_ws/install/setup.ps1'
[129.004s] INFO:colcon.colcon_core.shell:Creating prefix script '/home/Ashish/ros2_ws/install/local_setup.sh'
[129.009s] INFO:colcon.colcon_core.shell:Creating prefix util module '/home/Ashish/ros2_ws/install/_local_setup_util_sh.py'
[129.012s] INFO:colcon.colcon_core.shell:Creating prefix chain script '/home/Ashish/ros2_ws/install/setup.sh'
[129.020s] INFO:colcon.colcon_core.shell:Creating prefix script '/home/Ashish/ros2_ws/install/local_setup.bash'
[129.024s] INFO:colcon.colcon_core.shell:Creating prefix chain script '/home/Ashish/ros2_ws/install/setup.bash'
[129.030s] INFO:colcon.colcon_core.shell:Creating prefix script '/home/Ashish/ros2_ws/install/local_setup.zsh'
[129.034s] INFO:colcon.colcon_core.shell:Creating prefix chain script '/home/Ashish/ros2_ws/install/setup.zsh'
