[0.070s] Invoking command in '/home/Ashish/ros2_ws/build/rplidar_ros': CMAKE_PREFIX_PATH=/opt/ros/humble:${CMAKE_PREFIX_PATH} /usr/bin/cmake --build /home/Ashish/ros2_ws/build/rplidar_ros -- -j4 -l4
[0.505s] -- Found ament_cmake: 1.3.11 (/opt/ros/humble/share/ament_cmake/cmake)
[1.127s] -- Override CMake install command with custom implementation using symlinks instead of copying resources
[1.201s] -- Found rclcpp: 16.0.11 (/opt/ros/humble/share/rclcpp/cmake)
[1.403s] -- Found rosidl_generator_c: 3.1.6 (/opt/ros/humble/share/rosidl_generator_c/cmake)
[1.420s] -- Found rosidl_adapter: 3.1.6 (/opt/ros/humble/share/rosidl_adapter/cmake)
[1.459s] -- Found rosidl_generator_cpp: 3.1.6 (/opt/ros/humble/share/rosidl_generator_cpp/cmake)
[1.519s] -- Using all available rosidl_typesupport_c: rosidl_typesupport_fastrtps_c;rosidl_typesupport_introspection_c
[1.593s] -- Using all available rosidl_typesupport_cpp: rosidl_typesupport_fastrtps_cpp;rosidl_typesupport_introspection_cpp
[1.791s] -- Found rmw_implementation_cmake: 6.1.2 (/opt/ros/humble/share/rmw_implementation_cmake/cmake)
[1.802s] -- Found rmw_fastrtps_cpp: 6.2.7 (/opt/ros/humble/share/rmw_fastrtps_cpp/cmake)
[2.367s] -- Using RMW implementation 'rmw_fastrtps_cpp' as default
[2.896s] -- Found sensor_msgs: 4.2.4 (/opt/ros/humble/share/sensor_msgs/cmake)
[3.056s] -- Found std_srvs: 4.2.4 (/opt/ros/humble/share/std_srvs/cmake)
[3.470s] -- Configuring done
[3.614s] -- Generating done
[3.651s] -- Build files have been written to: /home/Ashish/ros2_ws/build/rplidar_ros
[3.837s] [  2%] [32mBuilding CXX object CMakeFiles/rplidar_node.dir/src/rplidar_node.cpp.o[0m
[3.839s] [  5%] [32mBuilding CXX object CMakeFiles/rplidar_composition.dir/src/rplidar_node.cpp.o[0m
[3.842s] [  7%] [32mBuilding CXX object CMakeFiles/rplidar_node.dir/sdk/src/arch/linux/net_serial.cpp.o[0m
[3.845s] [ 10%] [32mBuilding CXX object CMakeFiles/rplidar_client.dir/src/rplidar_client.cpp.o[0m
[7.817s] [01m[K/home/Ashish/ros2_ws/src/rplidar_ros/sdk/src/arch/linux/net_serial.cpp:[m[K In member function ‘[01m[Kbool rp::arch::net::raw_serial::open(const char*, uint32_t, uint32_t)[m[K’:
[7.819s] [01m[K/home/Ashish/ros2_ws/src/rplidar_ros/sdk/src/arch/linux/net_serial.cpp:97:74:[m[K [01;35m[Kwarning: [m[Kunused parameter ‘[01m[Kflags[m[K’ [[01;35m[K-Wunused-parameter[m[K]
[7.821s]    97 | bool raw_serial::open(const char * portname, uint32_t baudrate, [01;35m[Kuint32_t flags[m[K)
[7.822s]       |                                                                 [01;35m[K~~~~~~~~~^~~~~[m[K
[7.827s] [01m[K/home/Ashish/ros2_ws/src/rplidar_ros/sdk/src/arch/linux/net_serial.cpp:[m[K In member function ‘[01m[Kvirtual void rp::arch::net::raw_serial::flush(_u32)[m[K’:
[7.829s] [01m[K/home/Ashish/ros2_ws/src/rplidar_ros/sdk/src/arch/linux/net_serial.cpp:281:30:[m[K [01;35m[Kwarning: [m[Kunused parameter ‘[01m[Kflags[m[K’ [[01;35m[K-Wunused-parameter[m[K]
[7.830s]   281 | void raw_serial::flush( [01;35m[K_u32 flags[m[K)
[7.832s]       |                         [01;35m[K~~~~~^~~~~[m[K
[7.835s] [01m[K/home/Ashish/ros2_ws/src/rplidar_ros/sdk/src/arch/linux/net_serial.cpp:[m[K In member function ‘[01m[Kvirtual int rp::arch::net::raw_serial::waitforsent(_u32, size_t*)[m[K’:
[7.836s] [01m[K/home/Ashish/ros2_ws/src/rplidar_ros/sdk/src/arch/linux/net_serial.cpp:286:34:[m[K [01;35m[Kwarning: [m[Kunused parameter ‘[01m[Ktimeout[m[K’ [[01;35m[K-Wunused-parameter[m[K]
[7.838s]   286 | int raw_serial::waitforsent([01;35m[K_u32 timeout[m[K, size_t * returned_size)
[7.840s]       |                             [01;35m[K~~~~~^~~~~~~[m[K
[7.842s] [01m[K/home/Ashish/ros2_ws/src/rplidar_ros/sdk/src/arch/linux/net_serial.cpp:[m[K In member function ‘[01m[Kvirtual int rp::arch::net::raw_serial::waitforrecv(_u32, size_t*)[m[K’:
[7.846s] [01m[K/home/Ashish/ros2_ws/src/rplidar_ros/sdk/src/arch/linux/net_serial.cpp:292:34:[m[K [01;35m[Kwarning: [m[Kunused parameter ‘[01m[Ktimeout[m[K’ [[01;35m[K-Wunused-parameter[m[K]
[7.847s]   292 | int raw_serial::waitforrecv([01;35m[K_u32 timeout[m[K, size_t * returned_size)
[7.848s]       |                             [01;35m[K~~~~~^~~~~~~[m[K
[8.050s] [01m[K/home/Ashish/ros2_ws/src/rplidar_ros/sdk/src/arch/linux/net_serial.cpp:[m[K In member function ‘[01m[Kvirtual void rp::arch::net::raw_serial::cancelOperation()[m[K’:
[8.052s] [01m[K/home/Ashish/ros2_ws/src/rplidar_ros/sdk/src/arch/linux/net_serial.cpp:427:5:[m[K [01;35m[Kwarning: [m[Kvalue computed is not used [[01;35m[K-Wunused-value[m[K]
[8.053s]   427 |     [01;35m[K(int)::write(_selfpipe[1], "x", 1)[m[K;
[8.054s]       |     [01;35m[K^~~~~~~~~~~~~~~~~~~~~~~~~~~~~~~~~~[m[K
[8.899s] [ 13%] [32mBuilding CXX object CMakeFiles/rplidar_node.dir/sdk/src/arch/linux/net_socket.cpp.o[0m
[12.155s] In file included from [01m[K/home/Ashish/ros2_ws/src/rplidar_ros/sdk/include/rplidar_protocol.h:36[m[K,
[12.157s]                  from [01m[K/home/Ashish/ros2_ws/src/rplidar_ros/sdk/include/rplidar.h:39[m[K,
[12.158s]                  from [01m[K/home/Ashish/ros2_ws/src/rplidar_ros/sdk/src/sdkcommon.h:49[m[K,
[12.159s]                  from [01m[K/home/Ashish/ros2_ws/src/rplidar_ros/sdk/src/arch/linux/net_socket.cpp:10[m[K:
[12.160s] [01m[K/home/Ashish/ros2_ws/src/rplidar_ros/sdk/include/sl_lidar_protocol.h:66:16:[m[K [01;35m[Kwarning: [m[KISO C++ forbids zero-size array ‘[01m[Kdata[m[K’ [[01;35m[K-Wpedantic[m[K]
[12.161s]    66 |     sl_u8 data[[01;35m[K0[m[K];
[12.162s]       |                [01;35m[K^[m[K
[12.162s] In file included from [01m[K/home/Ashish/ros2_ws/src/rplidar_ros/sdk/include/rplidar_cmd.h:36[m[K,
[12.163s]                  from [01m[K/home/Ashish/ros2_ws/src/rplidar_ros/sdk/include/rplidar.h:40[m[K,
[12.164s]                  from [01m[K/home/Ashish/ros2_ws/src/rplidar_ros/sdk/src/sdkcommon.h:49[m[K,
[12.165s]                  from [01m[K/home/Ashish/ros2_ws/src/rplidar_ros/sdk/src/arch/linux/net_socket.cpp:10[m[K:
[12.166s] [01m[K/home/Ashish/ros2_ws/src/rplidar_ros/sdk/include/sl_lidar_cmd.h:324:20:[m[K [01;35m[Kwarning: [m[KISO C++ forbids zero-size array ‘[01m[Kpayload[m[K’ [[01;35m[K-Wpedantic[m[K]
[12.167s]   324 |     sl_u8  payload[[01;35m[K0[m[K];
[12.167s]       |                    [01;35m[K^[m[K
[12.543s] In file included from [01m[K/home/Ashish/ros2_ws/src/rplidar_ros/sdk/src/arch/linux/arch_linux.h:42[m[K,
[12.544s]                  from [01m[K/home/Ashish/ros2_ws/src/rplidar_ros/sdk/src/sdkcommon.h:41[m[K,
[12.545s]                  from [01m[K/home/Ashish/ros2_ws/src/rplidar_ros/sdk/src/arch/linux/net_socket.cpp:10[m[K:
[12.546s] [01m[K/home/Ashish/ros2_ws/src/rplidar_ros/sdk/src/arch/linux/net_socket.cpp:[m[K In member function ‘[01m[Kvirtual u_result rp::arch::net::DGramSocketImpl::sendTo(const rp::net::SocketAddress*, const void*, size_t)[m[K’:
[12.547s] [01m[K/home/Ashish/ros2_ws/src/rplidar_ros/sdk/src/arch/linux/net_socket.cpp:733:24:[m[K [01;35m[Kwarning: [m[Kcomparison of integer expressions of different signedness: ‘[01m[Kint[m[K’ and ‘[01m[Ksize_t[m[K’ {aka ‘[01m[Klong unsigned int[m[K’} [[01;35m[K-Wsign-compare[m[K]
[12.548s]   733 |             assert([01;35m[Kans == len[m[K);
[12.549s]       |                    [01;35m[K~~~~^~~~~~[m[K
[13.570s] [ 15%] [32mBuilding CXX object CMakeFiles/rplidar_node.dir/sdk/src/arch/linux/timer.cpp.o[0m
[16.680s] [ 18%] [32mBuilding CXX object CMakeFiles/rplidar_node.dir/sdk/src/dataunpacker/dataunpacker.cpp.o[0m
[20.138s] In file included from [01m[K/home/Ashish/ros2_ws/src/rplidar_ros/sdk/include/rplidar_protocol.h:36[m[K,
[20.140s]                  from [01m[K/home/Ashish/ros2_ws/src/rplidar_ros/sdk/include/rplidar.h:39[m[K,
[20.141s]                  from [01m[K/home/Ashish/ros2_ws/src/rplidar_ros/sdk/src/sdkcommon.h:49[m[K,
[20.143s]                  from [01m[K/home/Ashish/ros2_ws/src/rplidar_ros/sdk/src/dataunpacker/dataunnpacker_commondef.h:41[m[K,
[20.145s]                  from [01m[K/home/Ashish/ros2_ws/src/rplidar_ros/sdk/src/dataunpacker/dataunpacker.cpp:39[m[K:
[20.146s] [01m[K/home/Ashish/ros2_ws/src/rplidar_ros/sdk/include/sl_lidar_protocol.h:66:16:[m[K [01;35m[Kwarning: [m[KISO C++ forbids zero-size array ‘[01m[Kdata[m[K’ [[01;35m[K-Wpedantic[m[K]
[20.148s]    66 |     sl_u8 data[[01;35m[K0[m[K];
[20.149s]       |                [01;35m[K^[m[K
[20.154s] In file included from [01m[K/home/Ashish/ros2_ws/src/rplidar_ros/sdk/include/rplidar_cmd.h:36[m[K,
[20.155s]                  from [01m[K/home/Ashish/ros2_ws/src/rplidar_ros/sdk/include/rplidar.h:40[m[K,
[20.157s]                  from [01m[K/home/Ashish/ros2_ws/src/rplidar_ros/sdk/src/sdkcommon.h:49[m[K,
[20.159s]                  from [01m[K/home/Ashish/ros2_ws/src/rplidar_ros/sdk/src/dataunpacker/dataunnpacker_commondef.h:41[m[K,
[20.160s]                  from [01m[K/home/Ashish/ros2_ws/src/rplidar_ros/sdk/src/dataunpacker/dataunpacker.cpp:39[m[K:
[20.161s] [01m[K/home/Ashish/ros2_ws/src/rplidar_ros/sdk/include/sl_lidar_cmd.h:324:20:[m[K [01;35m[Kwarning: [m[KISO C++ forbids zero-size array ‘[01m[Kpayload[m[K’ [[01;35m[K-Wpedantic[m[K]
[20.162s]   324 |     sl_u8  payload[[01;35m[K0[m[K];
[20.173s]       |                    [01;35m[K^[m[K
[20.631s] In file included from [01m[K/home/Ashish/ros2_ws/src/rplidar_ros/sdk/include/sl_lidar_cmd.h:41[m[K,
[20.632s]                  from [01m[K/home/Ashish/ros2_ws/src/rplidar_ros/sdk/include/sl_lidar_driver.h:54[m[K,
[20.633s]                  from [01m[K/home/Ashish/ros2_ws/src/rplidar_ros/sdk/include/sl_lidar.h:36[m[K,
[20.634s]                  from [01m[K/home/Ashish/ros2_ws/src/rplidar_ros/src/rplidar_node.cpp:38[m[K:
[20.635s] [01m[K/home/Ashish/ros2_ws/src/rplidar_ros/sdk/include/sl_lidar_protocol.h:66:16:[m[K [01;35m[Kwarning: [m[KISO C++ forbids zero-size array ‘[01m[Kdata[m[K’ [[01;35m[K-Wpedantic[m[K]
[20.636s]    66 |     sl_u8 data[[01;35m[K0[m[K];
[20.637s]       |                [01;35m[K^[m[K
[20.638s] In file included from [01m[K/home/Ashish/ros2_ws/src/rplidar_ros/sdk/include/sl_lidar_driver.h:54[m[K,
[20.639s]                  from [01m[K/home/Ashish/ros2_ws/src/rplidar_ros/sdk/include/sl_lidar.h:36[m[K,
[20.640s]                  from [01m[K/home/Ashish/ros2_ws/src/rplidar_ros/src/rplidar_node.cpp:38[m[K:
[20.641s] [01m[K/home/Ashish/ros2_ws/src/rplidar_ros/sdk/include/sl_lidar_cmd.h:324:20:[m[K [01;35m[Kwarning: [m[KISO C++ forbids zero-size array ‘[01m[Kpayload[m[K’ [[01;35m[K-Wpedantic[m[K]
[20.642s]   324 |     sl_u8  payload[[01;35m[K0[m[K];
[20.643s]       |                    [01;35m[K^[m[K
[20.886s] In file included from [01m[K/home/Ashish/ros2_ws/src/rplidar_ros/sdk/include/sl_lidar_cmd.h:41[m[K,
[20.887s]                  from [01m[K/home/Ashish/ros2_ws/src/rplidar_ros/sdk/include/sl_lidar_driver.h:54[m[K,
[20.888s]                  from [01m[K/home/Ashish/ros2_ws/src/rplidar_ros/sdk/include/sl_lidar.h:36[m[K,
[20.890s]                  from [01m[K/home/Ashish/ros2_ws/src/rplidar_ros/src/rplidar_node.cpp:38[m[K:
[20.890s] [01m[K/home/Ashish/ros2_ws/src/rplidar_ros/sdk/include/sl_lidar_protocol.h:66:16:[m[K [01;35m[Kwarning: [m[KISO C++ forbids zero-size array ‘[01m[Kdata[m[K’ [[01;35m[K-Wpedantic[m[K]
[20.891s]    66 |     sl_u8 data[[01;35m[K0[m[K];
[20.892s]       |                [01;35m[K^[m[K
[20.893s] In file included from [01m[K/home/Ashish/ros2_ws/src/rplidar_ros/sdk/include/sl_lidar_driver.h:54[m[K,
[20.894s]                  from [01m[K/home/Ashish/ros2_ws/src/rplidar_ros/sdk/include/sl_lidar.h:36[m[K,
[20.895s]                  from [01m[K/home/Ashish/ros2_ws/src/rplidar_ros/src/rplidar_node.cpp:38[m[K:
[20.896s] [01m[K/home/Ashish/ros2_ws/src/rplidar_ros/sdk/include/sl_lidar_cmd.h:324:20:[m[K [01;35m[Kwarning: [m[KISO C++ forbids zero-size array ‘[01m[Kpayload[m[K’ [[01;35m[K-Wpedantic[m[K]
[20.901s]   324 |     sl_u8  payload[[01;35m[K0[m[K];
[20.902s]       |                    [01;35m[K^[m[K
[21.444s] In file included from [01m[K/home/Ashish/ros2_ws/src/rplidar_ros/sdk/src/dataunpacker/dataunpacker.cpp:40[m[K:
[21.446s] [01m[K/home/Ashish/ros2_ws/src/rplidar_ros/sdk/src/dataunpacker/dataunpacker.h:[m[K In member function ‘[01m[Kvirtual void sl::internal::LIDARSampleDataListener::onCustomSampleDataDecoded(_u8, _u32, const void*, size_t)[m[K’:
[21.447s] [01m[K/home/Ashish/ros2_ws/src/rplidar_ros/sdk/src/dataunpacker/dataunpacker.h:54:52:[m[K [01;35m[Kwarning: [m[Kunused parameter ‘[01m[KansType[m[K’ [[01;35m[K-Wunused-parameter[m[K]
[21.449s]    54 |         virtual void onCustomSampleDataDecoded([01;35m[K_u8 ansType[m[K, _u32 customCode, const void* data, size_t size) {}
[21.451s]       |                                                [01;35m[K~~~~^~~~~~~[m[K
[21.453s] [01m[K/home/Ashish/ros2_ws/src/rplidar_ros/sdk/src/dataunpacker/dataunpacker.h:54:66:[m[K [01;35m[Kwarning: [m[Kunused parameter ‘[01m[KcustomCode[m[K’ [[01;35m[K-Wunused-parameter[m[K]
[21.454s]    54 |         virtual void onCustomSampleDataDecoded(_u8 ansType, [01;35m[K_u32 customCode[m[K, const void* data, size_t size) {}
[21.456s]       |                                                             [01;35m[K~~~~~^~~~~~~~~~[m[K
[21.457s] [01m[K/home/Ashish/ros2_ws/src/rplidar_ros/sdk/src/dataunpacker/dataunpacker.h:54:90:[m[K [01;35m[Kwarning: [m[Kunused parameter ‘[01m[Kdata[m[K’ [[01;35m[K-Wunused-parameter[m[K]
[21.461s]    54 |         virtual void onCustomSampleDataDecoded(_u8 ansType, _u32 customCode, [01;35m[Kconst void* data[m[K, size_t size) {}
[21.462s]       |                                                                              [01;35m[K~~~~~~~~~~~~^~~~[m[K
[21.462s] [01m[K/home/Ashish/ros2_ws/src/rplidar_ros/sdk/src/dataunpacker/dataunpacker.h:54:103:[m[K [01;35m[Kwarning: [m[Kunused parameter ‘[01m[Ksize[m[K’ [[01;35m[K-Wunused-parameter[m[K]
[21.463s]    54 |         virtual void onCustomSampleDataDecoded(_u8 ansType, _u32 customCode, const void* data, [01;35m[Ksize_t size[m[K) {}
[21.464s]       |                                                                                                [01;35m[K~~~~~~~^~~~[m[K
[21.465s] [01m[K/home/Ashish/ros2_ws/src/rplidar_ros/sdk/src/dataunpacker/dataunpacker.h:[m[K In member function ‘[01m[Kvirtual void sl::internal::LIDARSampleDataListener::onDecodingError(int, _u8, const void*, size_t)[m[K’:
[21.481s] [01m[K/home/Ashish/ros2_ws/src/rplidar_ros/sdk/src/dataunpacker/dataunpacker.h:56:42:[m[K [01;35m[Kwarning: [m[Kunused parameter ‘[01m[KerrMsg[m[K’ [[01;35m[K-Wunused-parameter[m[K]
[21.482s]    56 |         virtual void onDecodingError([01;35m[Kint errMsg[m[K, _u8 ansType, const void* payload, size_t size) {}
[21.482s]       |                                      [01;35m[K~~~~^~~~~~[m[K
[21.483s] [01m[K/home/Ashish/ros2_ws/src/rplidar_ros/sdk/src/dataunpacker/dataunpacker.h:56:54:[m[K [01;35m[Kwarning: [m[Kunused parameter ‘[01m[KansType[m[K’ [[01;35m[K-Wunused-parameter[m[K]
[21.484s]    56 |         virtual void onDecodingError(int errMsg, [01;35m[K_u8 ansType[m[K, const void* payload, size_t size) {}
[21.485s]       |                                                  [01;35m[K~~~~^~~~~~~[m[K
[21.486s] [01m[K/home/Ashish/ros2_ws/src/rplidar_ros/sdk/src/dataunpacker/dataunpacker.h:56:75:[m[K [01;35m[Kwarning: [m[Kunused parameter ‘[01m[Kpayload[m[K’ [[01;35m[K-Wunused-parameter[m[K]
[21.487s]    56 |         virtual void onDecodingError(int errMsg, _u8 ansType, [01;35m[Kconst void* payload[m[K, size_t size) {}
[21.487s]       |                                                               [01;35m[K~~~~~~~~~~~~^~~~~~~[m[K
[21.488s] [01m[K/home/Ashish/ros2_ws/src/rplidar_ros/sdk/src/dataunpacker/dataunpacker.h:56:91:[m[K [01;35m[Kwarning: [m[Kunused parameter ‘[01m[Ksize[m[K’ [[01;35m[K-Wunused-parameter[m[K]
[21.489s]    56 |         virtual void onDecodingError(int errMsg, _u8 ansType, const void* payload, [01;35m[Ksize_t size[m[K) {}
[21.490s]       |                                                                                    [01;35m[K~~~~~~~^~~~[m[K
[22.895s] [ 21%] [32mBuilding CXX object CMakeFiles/rplidar_node.dir/sdk/src/dataunpacker/unpacker/handler_capsules.cpp.o[0m
[25.885s] In file included from [01m[K/home/Ashish/ros2_ws/src/rplidar_ros/sdk/include/rplidar_protocol.h:36[m[K,
[25.886s]                  from [01m[K/home/Ashish/ros2_ws/src/rplidar_ros/sdk/include/rplidar.h:39[m[K,
[25.888s]                  from [01m[K/home/Ashish/ros2_ws/src/rplidar_ros/sdk/src/sdkcommon.h:49[m[K,
[25.893s]                  from [01m[K/home/Ashish/ros2_ws/src/rplidar_ros/sdk/src/dataunpacker/unpacker/../dataunnpacker_commondef.h:41[m[K,
[25.895s]                  from [01m[K/home/Ashish/ros2_ws/src/rplidar_ros/sdk/src/dataunpacker/unpacker/handler_capsules.cpp:39[m[K:
[25.896s] [01m[K/home/Ashish/ros2_ws/src/rplidar_ros/sdk/include/sl_lidar_protocol.h:66:16:[m[K [01;35m[Kwarning: [m[KISO C++ forbids zero-size array ‘[01m[Kdata[m[K’ [[01;35m[K-Wpedantic[m[K]
[25.898s]    66 |     sl_u8 data[[01;35m[K0[m[K];
[25.899s]       |                [01;35m[K^[m[K
[25.903s] In file included from [01m[K/home/Ashish/ros2_ws/src/rplidar_ros/sdk/include/rplidar_cmd.h:36[m[K,
[25.905s]                  from [01m[K/home/Ashish/ros2_ws/src/rplidar_ros/sdk/include/rplidar.h:40[m[K,
[25.906s]                  from [01m[K/home/Ashish/ros2_ws/src/rplidar_ros/sdk/src/sdkcommon.h:49[m[K,
[25.908s]                  from [01m[K/home/Ashish/ros2_ws/src/rplidar_ros/sdk/src/dataunpacker/unpacker/../dataunnpacker_commondef.h:41[m[K,
[25.913s]                  from [01m[K/home/Ashish/ros2_ws/src/rplidar_ros/sdk/src/dataunpacker/unpacker/handler_capsules.cpp:39[m[K:
[25.914s] [01m[K/home/Ashish/ros2_ws/src/rplidar_ros/sdk/include/sl_lidar_cmd.h:324:20:[m[K [01;35m[Kwarning: [m[KISO C++ forbids zero-size array ‘[01m[Kpayload[m[K’ [[01;35m[K-Wpedantic[m[K]
[25.915s]   324 |     sl_u8  payload[[01;35m[K0[m[K];
[25.915s]       |                    [01;35m[K^[m[K
[27.259s] In file included from [01m[K/home/Ashish/ros2_ws/src/rplidar_ros/sdk/src/dataunpacker/unpacker/handler_capsules.cpp:40[m[K:
[27.263s] [01m[K/home/Ashish/ros2_ws/src/rplidar_ros/sdk/src/dataunpacker/unpacker/../dataunpacker.h:[m[K In member function ‘[01m[Kvirtual void sl::internal::LIDARSampleDataListener::onCustomSampleDataDecoded(_u8, _u32, const void*, size_t)[m[K’:
[27.264s] [01m[K/home/Ashish/ros2_ws/src/rplidar_ros/sdk/src/dataunpacker/unpacker/../dataunpacker.h:54:52:[m[K [01;35m[Kwarning: [m[Kunused parameter ‘[01m[KansType[m[K’ [[01;35m[K-Wunused-parameter[m[K]
[27.265s]    54 |         virtual void onCustomSampleDataDecoded([01;35m[K_u8 ansType[m[K, _u32 customCode, const void* data, size_t size) {}
[27.265s]       |                                                [01;35m[K~~~~^~~~~~~[m[K
[27.266s] [01m[K/home/Ashish/ros2_ws/src/rplidar_ros/sdk/src/dataunpacker/unpacker/../dataunpacker.h:54:66:[m[K [01;35m[Kwarning: [m[Kunused parameter ‘[01m[KcustomCode[m[K’ [[01;35m[K-Wunused-parameter[m[K]
[27.266s]    54 |         virtual void onCustomSampleDataDecoded(_u8 ansType, [01;35m[K_u32 customCode[m[K, const void* data, size_t size) {}
[27.267s]       |                                                             [01;35m[K~~~~~^~~~~~~~~~[m[K
[27.268s] [01m[K/home/Ashish/ros2_ws/src/rplidar_ros/sdk/src/dataunpacker/unpacker/../dataunpacker.h:54:90:[m[K [01;35m[Kwarning: [m[Kunused parameter ‘[01m[Kdata[m[K’ [[01;35m[K-Wunused-parameter[m[K]
[27.269s]    54 |         virtual void onCustomSampleDataDecoded(_u8 ansType, _u32 customCode, [01;35m[Kconst void* data[m[K, size_t size) {}
[27.270s]       |                                                                              [01;35m[K~~~~~~~~~~~~^~~~[m[K
[27.270s] [01m[K/home/Ashish/ros2_ws/src/rplidar_ros/sdk/src/dataunpacker/unpacker/../dataunpacker.h:54:103:[m[K [01;35m[Kwarning: [m[Kunused parameter ‘[01m[Ksize[m[K’ [[01;35m[K-Wunused-parameter[m[K]
[27.271s]    54 |         virtual void onCustomSampleDataDecoded(_u8 ansType, _u32 customCode, const void* data, [01;35m[Ksize_t size[m[K) {}
[27.272s]       |                                                                                                [01;35m[K~~~~~~~^~~~[m[K
[27.272s] [01m[K/home/Ashish/ros2_ws/src/rplidar_ros/sdk/src/dataunpacker/unpacker/../dataunpacker.h:[m[K In member function ‘[01m[Kvirtual void sl::internal::LIDARSampleDataListener::onDecodingError(int, _u8, const void*, size_t)[m[K’:
[27.273s] [01m[K/home/Ashish/ros2_ws/src/rplidar_ros/sdk/src/dataunpacker/unpacker/../dataunpacker.h:56:42:[m[K [01;35m[Kwarning: [m[Kunused parameter ‘[01m[KerrMsg[m[K’ [[01;35m[K-Wunused-parameter[m[K]
[27.274s]    56 |         virtual void onDecodingError([01;35m[Kint errMsg[m[K, _u8 ansType, const void* payload, size_t size) {}
[27.274s]       |                                      [01;35m[K~~~~^~~~~~[m[K
[27.275s] [01m[K/home/Ashish/ros2_ws/src/rplidar_ros/sdk/src/dataunpacker/unpacker/../dataunpacker.h:56:54:[m[K [01;35m[Kwarning: [m[Kunused parameter ‘[01m[KansType[m[K’ [[01;35m[K-Wunused-parameter[m[K]
[27.276s]    56 |         virtual void onDecodingError(int errMsg, [01;35m[K_u8 ansType[m[K, const void* payload, size_t size) {}
[27.277s]       |                                                  [01;35m[K~~~~^~~~~~~[m[K
[27.277s] [01m[K/home/Ashish/ros2_ws/src/rplidar_ros/sdk/src/dataunpacker/unpacker/../dataunpacker.h:56:75:[m[K [01;35m[Kwarning: [m[Kunused parameter ‘[01m[Kpayload[m[K’ [[01;35m[K-Wunused-parameter[m[K]
[27.278s]    56 |         virtual void onDecodingError(int errMsg, _u8 ansType, [01;35m[Kconst void* payload[m[K, size_t size) {}
[27.279s]       |                                                               [01;35m[K~~~~~~~~~~~~^~~~~~~[m[K
[27.280s] [01m[K/home/Ashish/ros2_ws/src/rplidar_ros/sdk/src/dataunpacker/unpacker/../dataunpacker.h:56:91:[m[K [01;35m[Kwarning: [m[Kunused parameter ‘[01m[Ksize[m[K’ [[01;35m[K-Wunused-parameter[m[K]
[27.281s]    56 |         virtual void onDecodingError(int errMsg, _u8 ansType, const void* payload, [01;35m[Ksize_t size[m[K) {}
[27.281s]       |                                                                                    [01;35m[K~~~~~~~^~~~[m[K
[27.371s] [01m[K/home/Ashish/ros2_ws/src/rplidar_ros/sdk/src/dataunpacker/unpacker/handler_capsules.cpp:[m[K In member function ‘[01m[Kvoid sl::internal::unpacker::UnpackerHandler_DenseCapsuleNode::_onScanNodeDenseCapsuleData(rplidar_response_dense_capsule_measurement_nodes_t&, sl::internal::LIDARSampleDataUnpackerInner*)[m[K’:
[27.372s] [01m[K/home/Ashish/ros2_ws/src/rplidar_ros/sdk/src/dataunpacker/unpacker/handler_capsules.cpp:763:30:[m[K [01;35m[Kwarning: [m[Ktype qualifiers ignored on cast result type [[01;35m[K-Wignored-qualifiers[m[K]
[27.374s]   763 |             const int dist = [01;35m[Kstatic_cast<const int>(_cached_previous_dense_capsuledata.cabins[pos].distance)[m[K;
[27.375s]       |                              [01;35m[K^~~~~~~~~~~~~~~~~~~~~~~~~~~~~~~~~~~~~~~~~~~~~~~~~~~~~~~~~~~~~~~~~~~~~~~~~~~~~~~[m[K
[29.583s] [ 23%] [32mBuilding CXX object CMakeFiles/rplidar_node.dir/sdk/src/dataunpacker/unpacker/handler_hqnode.cpp.o[0m
