[0.467s] DEBUG:colcon:Command line arguments: ['/usr/bin/colcon', 'build', '--symlink-install']
[0.467s] DEBUG:colcon:Parsed command line arguments: Namespace(log_base=None, log_level=None, verb_name='build', build_base='build', install_base='install', merge_install=False, symlink_install=True, test_result_base=None, continue_on_error=False, executor='parallel', parallel_workers=4, event_handlers=None, ignore_user_meta=False, metas=['./colcon.meta'], base_paths=['.'], packages_ignore=None, packages_ignore_regex=None, paths=None, packages_up_to=None, packages_up_to_regex=None, packages_above=None, packages_above_and_dependencies=None, packages_above_depth=None, packages_select_by_dep=None, packages_skip_by_dep=None, packages_skip_up_to=None, packages_select_build_failed=False, packages_skip_build_finished=False, packages_select_test_failures=False, packages_skip_test_passed=False, packages_select=None, packages_skip=None, packages_select_regex=None, packages_skip_regex=None, packages_start=None, packages_end=None, allow_overriding=[], cmake_args=None, cmake_target=None, cmake_target_skip_unavailable=False, cmake_clean_cache=False, cmake_clean_first=False, cmake_force_configure=False, ament_cmake_args=None, catkin_cmake_args=None, catkin_skip_building_tests=False, verb_parser=<colcon_defaults.argument_parser.defaults.DefaultArgumentsDecorator object at 0xffff84b20fa0>, verb_extension=<colcon_core.verb.build.BuildVerb object at 0xffff84c42380>, main=<bound method BuildVerb.main of <colcon_core.verb.build.BuildVerb object at 0xffff84c42380>>)
[1.168s] Level 1:colcon.colcon_core.package_discovery:discover_packages(colcon_meta) check parameters
[1.168s] Level 1:colcon.colcon_core.package_discovery:discover_packages(recursive) check parameters
[1.168s] Level 1:colcon.colcon_core.package_discovery:discover_packages(ignore) check parameters
[1.168s] Level 1:colcon.colcon_core.package_discovery:discover_packages(path) check parameters
[1.169s] Level 1:colcon.colcon_core.package_discovery:discover_packages(colcon_meta) discover
[1.169s] Level 1:colcon.colcon_core.package_discovery:discover_packages(recursive) discover
[1.169s] INFO:colcon.colcon_core.package_discovery:Crawling recursively for packages in '/home/Ashish/ros2_ws'
[1.169s] Level 1:colcon.colcon_core.package_identification:_identify(.) by extensions ['ignore', 'ignore_ament_install']
[1.170s] Level 1:colcon.colcon_core.package_identification:_identify(.) by extension 'ignore'
[1.170s] Level 1:colcon.colcon_core.package_identification:_identify(.) by extension 'ignore_ament_install'
[1.170s] Level 1:colcon.colcon_core.package_identification:_identify(.) by extensions ['colcon_pkg']
[1.170s] Level 1:colcon.colcon_core.package_identification:_identify(.) by extension 'colcon_pkg'
[1.171s] Level 1:colcon.colcon_core.package_identification:_identify(.) by extensions ['colcon_meta']
[1.171s] Level 1:colcon.colcon_core.package_identification:_identify(.) by extension 'colcon_meta'
[1.171s] Level 1:colcon.colcon_core.package_identification:_identify(.) by extensions ['ros']
[1.171s] Level 1:colcon.colcon_core.package_identification:_identify(.) by extension 'ros'
[1.221s] Level 1:colcon.colcon_core.package_identification:_identify(.) by extensions ['cmake', 'python']
[1.222s] Level 1:colcon.colcon_core.package_identification:_identify(.) by extension 'cmake'
[1.222s] Level 1:colcon.colcon_core.package_identification:_identify(.) by extension 'python'
[1.222s] Level 1:colcon.colcon_core.package_identification:_identify(.) by extensions ['python_setup_py']
[1.222s] Level 1:colcon.colcon_core.package_identification:_identify(.) by extension 'python_setup_py'
[1.223s] Level 1:colcon.colcon_core.package_identification:_identify(build) by extensions ['ignore', 'ignore_ament_install']
[1.223s] Level 1:colcon.colcon_core.package_identification:_identify(build) by extension 'ignore'
[1.223s] Level 1:colcon.colcon_core.package_identification:_identify(build) ignored
[1.224s] Level 1:colcon.colcon_core.package_identification:_identify(install) by extensions ['ignore', 'ignore_ament_install']
[1.224s] Level 1:colcon.colcon_core.package_identification:_identify(install) by extension 'ignore'
[1.225s] Level 1:colcon.colcon_core.package_identification:_identify(install) ignored
[1.225s] Level 1:colcon.colcon_core.package_identification:_identify(log) by extensions ['ignore', 'ignore_ament_install']
[1.225s] Level 1:colcon.colcon_core.package_identification:_identify(log) by extension 'ignore'
[1.226s] Level 1:colcon.colcon_core.package_identification:_identify(log) ignored
[1.226s] Level 1:colcon.colcon_core.package_identification:_identify(src) by extensions ['ignore', 'ignore_ament_install']
[1.226s] Level 1:colcon.colcon_core.package_identification:_identify(src) by extension 'ignore'
[1.226s] Level 1:colcon.colcon_core.package_identification:_identify(src) by extension 'ignore_ament_install'
[1.227s] Level 1:colcon.colcon_core.package_identification:_identify(src) by extensions ['colcon_pkg']
[1.227s] Level 1:colcon.colcon_core.package_identification:_identify(src) by extension 'colcon_pkg'
[1.227s] Level 1:colcon.colcon_core.package_identification:_identify(src) by extensions ['colcon_meta']
[1.227s] Level 1:colcon.colcon_core.package_identification:_identify(src) by extension 'colcon_meta'
[1.227s] Level 1:colcon.colcon_core.package_identification:_identify(src) by extensions ['ros']
[1.227s] Level 1:colcon.colcon_core.package_identification:_identify(src) by extension 'ros'
[1.228s] Level 1:colcon.colcon_core.package_identification:_identify(src) by extensions ['cmake', 'python']
[1.228s] Level 1:colcon.colcon_core.package_identification:_identify(src) by extension 'cmake'
[1.228s] Level 1:colcon.colcon_core.package_identification:_identify(src) by extension 'python'
[1.228s] Level 1:colcon.colcon_core.package_identification:_identify(src) by extensions ['python_setup_py']
[1.229s] Level 1:colcon.colcon_core.package_identification:_identify(src) by extension 'python_setup_py'
[1.229s] Level 1:colcon.colcon_core.package_identification:_identify(src/rplidar_ros) by extensions ['ignore', 'ignore_ament_install']
[1.229s] Level 1:colcon.colcon_core.package_identification:_identify(src/rplidar_ros) by extension 'ignore'
[1.230s] Level 1:colcon.colcon_core.package_identification:_identify(src/rplidar_ros) by extension 'ignore_ament_install'
[1.230s] Level 1:colcon.colcon_core.package_identification:_identify(src/rplidar_ros) by extensions ['colcon_pkg']
[1.230s] Level 1:colcon.colcon_core.package_identification:_identify(src/rplidar_ros) by extension 'colcon_pkg'
[1.230s] Level 1:colcon.colcon_core.package_identification:_identify(src/rplidar_ros) by extensions ['colcon_meta']
[1.230s] Level 1:colcon.colcon_core.package_identification:_identify(src/rplidar_ros) by extension 'colcon_meta'
[1.231s] Level 1:colcon.colcon_core.package_identification:_identify(src/rplidar_ros) by extensions ['ros']
[1.231s] Level 1:colcon.colcon_core.package_identification:_identify(src/rplidar_ros) by extension 'ros'
[1.241s] DEBUG:colcon.colcon_core.package_identification:Package 'src/rplidar_ros' with type 'ros.ament_cmake' and name 'rplidar_ros'
[1.241s] Level 1:colcon.colcon_core.package_discovery:discover_packages(recursive) using defaults
[1.241s] Level 1:colcon.colcon_core.package_discovery:discover_packages(ignore) discover
[1.241s] Level 1:colcon.colcon_core.package_discovery:discover_packages(ignore) using defaults
[1.241s] Level 1:colcon.colcon_core.package_discovery:discover_packages(path) discover
[1.241s] Level 1:colcon.colcon_core.package_discovery:discover_packages(path) using defaults
[1.330s] Level 1:colcon.colcon_core.package_discovery:discover_packages(prefix_path) check parameters
[1.330s] Level 1:colcon.colcon_core.package_discovery:discover_packages(prefix_path) discover
[1.344s] DEBUG:colcon.colcon_installed_package_information.package_discovery:Found 184 installed packages in /opt/ros/humble
[1.349s] Level 1:colcon.colcon_core.package_discovery:discover_packages(prefix_path) using defaults
[1.473s] Level 5:colcon.colcon_core.verb:set package 'rplidar_ros' build argument 'cmake_args' from command line to 'None'
[1.473s] Level 5:colcon.colcon_core.verb:set package 'rplidar_ros' build argument 'cmake_target' from command line to 'None'
[1.474s] Level 5:colcon.colcon_core.verb:set package 'rplidar_ros' build argument 'cmake_target_skip_unavailable' from command line to 'False'
[1.474s] Level 5:colcon.colcon_core.verb:set package 'rplidar_ros' build argument 'cmake_clean_cache' from command line to 'False'
[1.474s] Level 5:colcon.colcon_core.verb:set package 'rplidar_ros' build argument 'cmake_clean_first' from command line to 'False'
[1.474s] Level 5:colcon.colcon_core.verb:set package 'rplidar_ros' build argument 'cmake_force_configure' from command line to 'False'
[1.474s] Level 5:colcon.colcon_core.verb:set package 'rplidar_ros' build argument 'ament_cmake_args' from command line to 'None'
[1.474s] Level 5:colcon.colcon_core.verb:set package 'rplidar_ros' build argument 'catkin_cmake_args' from command line to 'None'
[1.474s] Level 5:colcon.colcon_core.verb:set package 'rplidar_ros' build argument 'catkin_skip_building_tests' from command line to 'False'
[1.474s] DEBUG:colcon.colcon_core.verb:Building package 'rplidar_ros' with the following arguments: {'ament_cmake_args': None, 'build_base': '/home/Ashish/ros2_ws/build/rplidar_ros', 'catkin_cmake_args': None, 'catkin_skip_building_tests': False, 'cmake_args': None, 'cmake_clean_cache': False, 'cmake_clean_first': False, 'cmake_force_configure': False, 'cmake_target': None, 'cmake_target_skip_unavailable': False, 'install_base': '/home/Ashish/ros2_ws/install/rplidar_ros', 'merge_install': False, 'path': '/home/Ashish/ros2_ws/src/rplidar_ros', 'symlink_install': True, 'test_result_base': None}
[1.475s] INFO:colcon.colcon_core.executor:Executing jobs using 'parallel' executor
[1.478s] DEBUG:colcon.colcon_parallel_executor.executor.parallel:run_until_complete
[1.479s] INFO:colcon.colcon_ros.task.ament_cmake.build:Building ROS package in '/home/Ashish/ros2_ws/src/rplidar_ros' with build type 'ament_cmake'
[1.480s] INFO:colcon.colcon_cmake.task.cmake.build:Building CMake package in '/home/Ashish/ros2_ws/src/rplidar_ros'
[1.489s] INFO:colcon.colcon_core.plugin_system:Skipping extension 'colcon_core.shell.bat': Not used on non-Windows systems
[1.491s] INFO:colcon.colcon_core.shell:Skip shell extension 'powershell' for command environment: Not usable outside of PowerShell
[1.491s] DEBUG:colcon.colcon_core.shell:Skip shell extension 'dsv' for command environment
[1.523s] DEBUG:colcon.colcon_core.event_handler.log_command:Invoking command in '/home/Ashish/ros2_ws/build/rplidar_ros': CMAKE_PREFIX_PATH=/opt/ros/humble /usr/bin/cmake /home/Ashish/ros2_ws/src/rplidar_ros -DAMENT_CMAKE_SYMLINK_INSTALL=1 -DCMAKE_INSTALL_PREFIX=/home/Ashish/ros2_ws/install/rplidar_ros
[7.004s] DEBUG:colcon.colcon_core.event_handler.log_command:Invoked command in '/home/Ashish/ros2_ws/build/rplidar_ros' returned '0': CMAKE_PREFIX_PATH=/opt/ros/humble /usr/bin/cmake /home/Ashish/ros2_ws/src/rplidar_ros -DAMENT_CMAKE_SYMLINK_INSTALL=1 -DCMAKE_INSTALL_PREFIX=/home/Ashish/ros2_ws/install/rplidar_ros
[7.015s] DEBUG:colcon.colcon_core.event_handler.log_command:Invoking command in '/home/Ashish/ros2_ws/build/rplidar_ros': CMAKE_PREFIX_PATH=/opt/ros/humble /usr/bin/cmake --build /home/Ashish/ros2_ws/build/rplidar_ros -- -j4 -l4
[48.699s] DEBUG:colcon.colcon_core.event_handler.log_command:Invoked command in '/home/Ashish/ros2_ws/build/rplidar_ros' returned '0': CMAKE_PREFIX_PATH=/opt/ros/humble /usr/bin/cmake --build /home/Ashish/ros2_ws/build/rplidar_ros -- -j4 -l4
[48.744s] DEBUG:colcon.colcon_core.event_handler.log_command:Invoking command in '/home/Ashish/ros2_ws/build/rplidar_ros': CMAKE_PREFIX_PATH=/opt/ros/humble /usr/bin/cmake --install /home/Ashish/ros2_ws/build/rplidar_ros
[49.853s] Level 1:colcon.colcon_core.environment:create_environment_scripts_only(rplidar_ros)
[49.854s] DEBUG:colcon.colcon_core.event_handler.log_command:Invoked command in '/home/Ashish/ros2_ws/build/rplidar_ros' returned '0': CMAKE_PREFIX_PATH=/opt/ros/humble /usr/bin/cmake --install /home/Ashish/ros2_ws/build/rplidar_ros
[49.866s] Level 1:colcon.colcon_core.environment:checking '/home/Ashish/ros2_ws/install/rplidar_ros' for CMake module files
[49.907s] Level 1:colcon.colcon_core.environment:checking '/home/Ashish/ros2_ws/install/rplidar_ros' for CMake config files
[49.909s] Level 1:colcon.colcon_core.shell:create_environment_hook('rplidar_ros', 'cmake_prefix_path')
[49.910s] INFO:colcon.colcon_core.shell:Creating environment hook '/home/Ashish/ros2_ws/install/rplidar_ros/share/rplidar_ros/hook/cmake_prefix_path.ps1'
[49.913s] INFO:colcon.colcon_core.shell:Creating environment descriptor '/home/Ashish/ros2_ws/install/rplidar_ros/share/rplidar_ros/hook/cmake_prefix_path.dsv'
[49.915s] INFO:colcon.colcon_core.shell:Creating environment hook '/home/Ashish/ros2_ws/install/rplidar_ros/share/rplidar_ros/hook/cmake_prefix_path.sh'
[49.919s] Level 1:colcon.colcon_core.environment:checking '/home/Ashish/ros2_ws/install/rplidar_ros/lib'
[49.919s] Level 1:colcon.colcon_core.shell:create_environment_hook('rplidar_ros', 'ld_library_path_lib')
[49.920s] INFO:colcon.colcon_core.shell:Creating environment hook '/home/Ashish/ros2_ws/install/rplidar_ros/share/rplidar_ros/hook/ld_library_path_lib.ps1'
[49.922s] INFO:colcon.colcon_core.shell:Creating environment descriptor '/home/Ashish/ros2_ws/install/rplidar_ros/share/rplidar_ros/hook/ld_library_path_lib.dsv'
[49.924s] INFO:colcon.colcon_core.shell:Creating environment hook '/home/Ashish/ros2_ws/install/rplidar_ros/share/rplidar_ros/hook/ld_library_path_lib.sh'
[49.926s] Level 1:colcon.colcon_core.environment:checking '/home/Ashish/ros2_ws/install/rplidar_ros/bin'
[49.926s] Level 1:colcon.colcon_core.environment:checking '/home/Ashish/ros2_ws/install/rplidar_ros/lib/pkgconfig/rplidar_ros.pc'
[49.927s] Level 1:colcon.colcon_core.environment:checking '/home/Ashish/ros2_ws/install/rplidar_ros/lib/python3.10/site-packages'
[49.928s] Level 1:colcon.colcon_core.environment:checking '/home/Ashish/ros2_ws/install/rplidar_ros/bin'
[49.929s] INFO:colcon.colcon_core.shell:Creating package script '/home/Ashish/ros2_ws/install/rplidar_ros/share/rplidar_ros/package.ps1'
[49.933s] INFO:colcon.colcon_core.shell:Creating package descriptor '/home/Ashish/ros2_ws/install/rplidar_ros/share/rplidar_ros/package.dsv'
[49.936s] INFO:colcon.colcon_core.shell:Creating package script '/home/Ashish/ros2_ws/install/rplidar_ros/share/rplidar_ros/package.sh'
[49.940s] INFO:colcon.colcon_core.shell:Creating package script '/home/Ashish/ros2_ws/install/rplidar_ros/share/rplidar_ros/package.bash'
[49.943s] INFO:colcon.colcon_core.shell:Creating package script '/home/Ashish/ros2_ws/install/rplidar_ros/share/rplidar_ros/package.zsh'
[49.947s] Level 1:colcon.colcon_core.environment:create_file_with_runtime_dependencies(/home/Ashish/ros2_ws/install/rplidar_ros/share/colcon-core/packages/rplidar_ros)
[49.950s] Level 1:colcon.colcon_core.environment:create_environment_scripts_only(rplidar_ros)
[49.951s] Level 1:colcon.colcon_core.environment:checking '/home/Ashish/ros2_ws/install/rplidar_ros' for CMake module files
[49.954s] Level 1:colcon.colcon_core.environment:checking '/home/Ashish/ros2_ws/install/rplidar_ros' for CMake config files
[49.956s] Level 1:colcon.colcon_core.shell:create_environment_hook('rplidar_ros', 'cmake_prefix_path')
[49.957s] INFO:colcon.colcon_core.shell:Creating environment hook '/home/Ashish/ros2_ws/install/rplidar_ros/share/rplidar_ros/hook/cmake_prefix_path.ps1'
[49.959s] INFO:colcon.colcon_core.shell:Creating environment descriptor '/home/Ashish/ros2_ws/install/rplidar_ros/share/rplidar_ros/hook/cmake_prefix_path.dsv'
[49.961s] INFO:colcon.colcon_core.shell:Creating environment hook '/home/Ashish/ros2_ws/install/rplidar_ros/share/rplidar_ros/hook/cmake_prefix_path.sh'
[49.964s] Level 1:colcon.colcon_core.environment:checking '/home/Ashish/ros2_ws/install/rplidar_ros/lib'
[49.965s] Level 1:colcon.colcon_core.shell:create_environment_hook('rplidar_ros', 'ld_library_path_lib')
[49.966s] INFO:colcon.colcon_core.shell:Creating environment hook '/home/Ashish/ros2_ws/install/rplidar_ros/share/rplidar_ros/hook/ld_library_path_lib.ps1'
[49.968s] INFO:colcon.colcon_core.shell:Creating environment descriptor '/home/Ashish/ros2_ws/install/rplidar_ros/share/rplidar_ros/hook/ld_library_path_lib.dsv'
[49.970s] INFO:colcon.colcon_core.shell:Creating environment hook '/home/Ashish/ros2_ws/install/rplidar_ros/share/rplidar_ros/hook/ld_library_path_lib.sh'
[49.972s] Level 1:colcon.colcon_core.environment:checking '/home/Ashish/ros2_ws/install/rplidar_ros/bin'
[49.972s] Level 1:colcon.colcon_core.environment:checking '/home/Ashish/ros2_ws/install/rplidar_ros/lib/pkgconfig/rplidar_ros.pc'
[49.973s] Level 1:colcon.colcon_core.environment:checking '/home/Ashish/ros2_ws/install/rplidar_ros/lib/python3.10/site-packages'
[49.974s] Level 1:colcon.colcon_core.environment:checking '/home/Ashish/ros2_ws/install/rplidar_ros/bin'
[49.975s] INFO:colcon.colcon_core.shell:Creating package script '/home/Ashish/ros2_ws/install/rplidar_ros/share/rplidar_ros/package.ps1'
[49.978s] INFO:colcon.colcon_core.shell:Creating package descriptor '/home/Ashish/ros2_ws/install/rplidar_ros/share/rplidar_ros/package.dsv'
[49.981s] INFO:colcon.colcon_core.shell:Creating package script '/home/Ashish/ros2_ws/install/rplidar_ros/share/rplidar_ros/package.sh'
[49.983s] INFO:colcon.colcon_core.shell:Creating package script '/home/Ashish/ros2_ws/install/rplidar_ros/share/rplidar_ros/package.bash'
[49.986s] INFO:colcon.colcon_core.shell:Creating package script '/home/Ashish/ros2_ws/install/rplidar_ros/share/rplidar_ros/package.zsh'
[49.988s] Level 1:colcon.colcon_core.environment:create_file_with_runtime_dependencies(/home/Ashish/ros2_ws/install/rplidar_ros/share/colcon-core/packages/rplidar_ros)
[49.989s] DEBUG:colcon.colcon_parallel_executor.executor.parallel:closing loop
[49.991s] DEBUG:colcon.colcon_parallel_executor.executor.parallel:loop closed
[49.992s] DEBUG:colcon.colcon_parallel_executor.executor.parallel:run_until_complete finished with '0'
[49.992s] DEBUG:colcon.colcon_core.event_reactor:joining thread
[50.014s] INFO:colcon.colcon_core.plugin_system:Skipping extension 'colcon_notification.desktop_notification.notify_send': Could not find 'notify-send'
[50.014s] INFO:colcon.colcon_core.plugin_system:Skipping extension 'colcon_notification.desktop_notification.terminal_notifier': Not used on non-Darwin systems
[50.015s] INFO:colcon.colcon_core.plugin_system:Skipping extension 'colcon_notification.desktop_notification.win32': Not used on non-Windows systems
[50.015s] INFO:colcon.colcon_notification.desktop_notification:Sending desktop notification using 'notify2'
[50.018s] DEBUG:colcon.colcon_notification.desktop_notification.notify2:Failed to initialize notify2: org.freedesktop.DBus.Error.ServiceUnknown: The name org.freedesktop.Notifications was not provided by any .service files
[50.018s] DEBUG:colcon.colcon_core.event_reactor:joined thread
[50.019s] INFO:colcon.colcon_core.shell:Creating prefix script '/home/Ashish/ros2_ws/install/local_setup.ps1'
[50.023s] INFO:colcon.colcon_core.shell:Creating prefix util module '/home/Ashish/ros2_ws/install/_local_setup_util_ps1.py'
[50.032s] INFO:colcon.colcon_core.shell:Creating prefix chain script '/home/Ashish/ros2_ws/install/setup.ps1'
[50.039s] INFO:colcon.colcon_core.shell:Creating prefix script '/home/Ashish/ros2_ws/install/local_setup.sh'
[50.041s] INFO:colcon.colcon_core.shell:Creating prefix util module '/home/Ashish/ros2_ws/install/_local_setup_util_sh.py'
[50.044s] INFO:colcon.colcon_core.shell:Creating prefix chain script '/home/Ashish/ros2_ws/install/setup.sh'
[50.049s] INFO:colcon.colcon_core.shell:Creating prefix script '/home/Ashish/ros2_ws/install/local_setup.bash'
[50.051s] INFO:colcon.colcon_core.shell:Creating prefix chain script '/home/Ashish/ros2_ws/install/setup.bash'
[50.056s] INFO:colcon.colcon_core.shell:Creating prefix script '/home/Ashish/ros2_ws/install/local_setup.zsh'
[50.058s] INFO:colcon.colcon_core.shell:Creating prefix chain script '/home/Ashish/ros2_ws/install/setup.zsh'
