[0.041s] Invoking command in '/home/Ashish/ros2_ws/build/rplidar_ros': /usr/bin/cmake /home/Ashish/ros2_ws/src/rplidar_ros -DCATKIN_INSTALL_INTO_PREFIX_ROOT=0 -DCMAKE_INSTALL_PREFIX=/home/Ashish/ros2_ws/install/rplidar_ros
[0.078s] [0mCMake Deprecation Warning at CMakeLists.txt:1 (cmake_minimum_required):
[0.078s]   Compatibility with CMake < 2.8.12 will be removed from a future version of
[0.079s]   CMake.
[0.079s] 
[0.079s]   Update the VERSION argument <min> value or use a ...<max> suffix to tell
[0.080s]   CMake that the project does not need compatibility with older versions.
[0.080s] 
[0.080s] [0m
[0.334s] -- The C compiler identification is GNU 11.4.0
[0.617s] -- The CXX compiler identification is GNU 11.4.0
[0.653s] -- Detecting C compiler ABI info
[0.975s] -- Detecting C compiler ABI info - done
[1.011s] -- Check for working C compiler: /usr/bin/cc - skipped
[1.012s] -- Detecting C compile features
[1.013s] -- Detecting C compile features - done
[1.030s] -- Detecting CXX compiler ABI info
[1.394s] -- Detecting CXX compiler ABI info - done
[1.430s] -- Check for working CXX compiler: /usr/bin/c++ - skipped
[1.431s] -- Detecting CXX compile features
[1.433s] -- Detecting CXX compile features - done
[1.506s] [31mCMake Error at CMakeLists.txt:16 (find_package):
[1.506s]   By not providing "Findcatkin.cmake" in CMAKE_MODULE_PATH this project has
[1.506s]   asked CMake to find a package configuration file provided by "catkin", but
[1.507s]   CMake did not find one.
[1.507s] 
[1.508s]   Could not find a package configuration file provided by "catkin" with any
[1.508s]   of the following names:
[1.508s] 
[1.509s]     catkinConfig.cmake
[1.510s]     catkin-config.cmake
[1.510s] 
[1.511s]   Add the installation prefix of "catkin" to CMAKE_PREFIX_PATH or set
[1.511s]   "catkin_DIR" to a directory containing one of the above files.  If "catkin"
[1.511s]   provides a separate development package or SDK, be sure it has been
[1.512s]   installed.
[1.512s] 
[1.512s] [0m
[1.513s] -- Configuring incomplete, errors occurred!
[1.513s] See also "/home/Ashish/ros2_ws/build/rplidar_ros/CMakeFiles/CMakeOutput.log".
[1.517s] Invoked command in '/home/Ashish/ros2_ws/build/rplidar_ros' returned '1': /usr/bin/cmake /home/Ashish/ros2_ws/src/rplidar_ros -DCATKIN_INSTALL_INTO_PREFIX_ROOT=0 -DCMAKE_INSTALL_PREFIX=/home/Ashish/ros2_ws/install/rplidar_ros
